Thu May 16 08:15:01 UTC 2013
Linux 2.6.32-279.22.1.el6.x86_64 (host3.ctfaetest.com) 	05/16/13 	_x86_64_	(24 CPU)
08:15:01        CPU     %user     %nice   %system   %iowait    %steal     %idle
05/16/13 08:20:01 AM
08:20:02        all      0.00      0.00      0.04      0.00      0.00     99.96
Average:        all      0.00      0.00      0.04      0.00      0.00     99.96
05/16/13 08:25:01 AM
08:25:02        all      0.00      0.00      0.04      0.00      0.00     99.96
Average:        all      0.00      0.00      0.04      0.00      0.00     99.96
05/16/13 08:30:01 AM
08:30:02        all      0.04      0.00      0.04      0.00      0.00     99.92
Average:        all      0.04      0.00      0.04      0.00      0.00     99.92
05/16/13 08:35:01 AM
08:35:02        all      0.67      0.00      0.08      0.00      0.00     99.25
Average:        all      0.67      0.00      0.08      0.00      0.00     99.25
05/16/13 08:40:01 AM
08:40:02        all      0.04      0.00      0.04      0.00      0.00     99.92
Average:        all      0.04      0.00      0.04      0.00      0.00     99.92
05/16/13 08:45:01 AM
08:45:02        all      0.00      0.00      0.04      0.00      0.00     99.96
Average:        all      0.00      0.00      0.04      0.00      0.00     99.96
05/16/13 08:50:01 AM
08:50:02        all      0.04      0.00      0.04      0.00      0.00     99.92
Average:        all      0.04      0.00      0.04      0.00      0.00     99.92
05/16/13 08:55:01 AM
08:55:02        all      0.08      0.00      0.04      0.00      0.00     99.88
Average:        all      0.08      0.00      0.04      0.00      0.00     99.88
05/16/13 09:00:01 AM
09:00:02        all      0.04      0.00      0.04      0.04      0.00     99.88
Average:        all      0.04      0.00      0.04      0.04      0.00     99.88
05/16/13 09:05:01 AM
09:05:02        all      0.04      0.00      0.04      0.00      0.00     99.92
Average:        all      0.04      0.00      0.04      0.00      0.00     99.92
05/16/13 09:10:01 AM
09:10:02        all      0.00      0.00      0.00      0.00      0.00    100.00
Average:        all      0.00      0.00      0.00      0.00      0.00    100.00
05/16/13 09:15:01 AM
09:15:02        all      0.00      0.00      0.00      0.00      0.00    100.00
Average:        all      0.00      0.00      0.00      0.00      0.00    100.00
05/16/13 09:20:01 AM
09:20:02        all      0.13      0.00      0.04      0.00      0.00     99.83
Average:        all      0.13      0.00      0.04      0.00      0.00     99.83
05/16/13 09:25:01 AM
09:25:02        all      0.00      0.00      0.04      0.00      0.00     99.96
Average:        all      0.00      0.00      0.04      0.00      0.00     99.96
05/16/13 09:30:01 AM
09:30:02        all      0.04      0.00      0.04      0.00      0.00     99.92
Average:        all      0.04      0.00      0.04      0.00      0.00     99.92
05/16/13 09:35:01 AM
09:35:02        all      0.00      0.00      0.04      0.00      0.00     99.96
Average:        all      0.00      0.00      0.04      0.00      0.00     99.96
05/16/13 09:40:01 AM
09:40:02        all      0.04      0.00      0.00      0.00      0.00     99.96
Average:        all      0.04      0.00      0.00      0.00      0.00     99.96
05/16/13 09:45:01 AM
09:45:02        all      0.13      0.00      0.00      0.00      0.00     99.87
Average:        all      0.13      0.00      0.00      0.00      0.00     99.87
05/16/13 09:50:01 AM
09:50:02        all      0.67      0.00      0.08      0.00      0.00     99.25
Average:        all      0.67      0.00      0.08      0.00      0.00     99.25
05/16/13 09:55:01 AM
09:55:02        all      4.17      0.00      0.38      0.04      0.00     95.41
Average:        all      4.17      0.00      0.38      0.04      0.00     95.41
05/16/13 10:00:01 AM
10:00:02        all      0.58      0.00      0.21      0.04      0.00     99.17
Average:        all      0.58      0.00      0.21      0.04      0.00     99.17
05/16/13 10:05:01 AM
10:05:02        all      0.17      0.00      0.25      0.13      0.00     99.46
Average:        all      0.17      0.00      0.25      0.13      0.00     99.46
05/16/13 10:10:01 AM
10:10:02        all      1.80      0.00      0.67      0.00      0.00     97.54
Average:        all      1.80      0.00      0.67      0.00      0.00     97.54
05/16/13 10:15:01 AM
10:15:02        all      5.32      0.00      1.84      0.04      0.00     92.80
Average:        all      5.32      0.00      1.84      0.04      0.00     92.80
05/16/13 10:20:01 AM
10:20:02        all      8.15      0.00      2.77      0.08      0.00     88.99
Average:        all      8.15      0.00      2.77      0.08      0.00     88.99
05/16/13 10:25:01 AM
10:25:02        all     16.19      0.00      4.73      0.38      0.00     78.70
Average:        all     16.19      0.00      4.73      0.38      0.00     78.70
05/16/13 10:30:01 AM
10:30:02        all     16.64      0.00      4.63      0.13      0.00     78.61
Average:        all     16.64      0.00      4.63      0.13      0.00     78.61
05/16/13 10:35:01 AM
10:35:02        all     32.06      0.00      6.05      0.13      0.00     61.76
Average:        all     32.06      0.00      6.05      0.13      0.00     61.76
05/16/13 10:40:01 AM
10:40:02        all     51.19      0.00      7.41      0.21      0.00     41.19
Average:        all     51.19      0.00      7.41      0.21      0.00     41.19
05/16/13 10:45:01 AM
10:45:02        all     50.04      0.00      8.47      0.13      0.00     41.36
Average:        all     50.04      0.00      8.47      0.13      0.00     41.36
05/16/13 10:50:01 AM
10:50:02        all     50.81      0.00      8.48      0.08      0.00     40.63
Average:        all     50.81      0.00      8.48      0.08      0.00     40.63
05/16/13 10:55:02 AM
10:55:03        all     51.36      0.00      8.28      0.04      0.00     40.31
Average:        all     51.36      0.00      8.28      0.04      0.00     40.31
05/16/13 11:00:01 AM
11:00:02        all     68.04      0.00      8.31      0.04      0.00     23.61
Average:        all     68.04      0.00      8.31      0.04      0.00     23.61
05/16/13 11:05:01 AM
11:05:02        all     51.76      0.00      8.05      0.04      0.00     40.15
Average:        all     51.76      0.00      8.05      0.04      0.00     40.15
05/16/13 11:10:01 AM
11:10:02        all     51.67      0.00      8.52      0.08      0.00     39.72
Average:        all     51.67      0.00      8.52      0.08      0.00     39.72
05/16/13 11:15:01 AM
11:15:02        all     45.13      0.00      8.67      0.25      0.00     45.94
Average:        all     45.13      0.00      8.67      0.25      0.00     45.94
05/16/13 11:20:01 AM
11:20:02        all     47.50      0.00      8.18      0.00      0.00     44.32
Average:        all     47.50      0.00      8.18      0.00      0.00     44.32
05/16/13 11:25:01 AM
11:25:02        all     57.18      0.00      7.88      0.00      0.00     34.93
Average:        all     57.18      0.00      7.88      0.00      0.00     34.93
05/16/13 11:30:01 AM
11:30:02        all     49.53      0.00      7.84      0.04      0.00     42.59
Average:        all     49.53      0.00      7.84      0.04      0.00     42.59
05/16/13 11:35:01 AM
11:35:02        all     41.99      0.00      8.35      0.00      0.00     49.66
Average:        all     41.99      0.00      8.35      0.00      0.00     49.66
05/16/13 11:40:01 AM
11:40:02        all     38.38      0.00      8.55      0.00      0.00     53.07
Average:        all     38.38      0.00      8.55      0.00      0.00     53.07
05/16/13 11:45:01 AM
11:45:02        all     36.43      0.00      8.74      0.04      0.00     54.79
Average:        all     36.43      0.00      8.74      0.04      0.00     54.79
05/16/13 11:50:01 AM
11:50:02        all     32.44      0.00      6.74      0.04      0.00     60.77
Average:        all     32.44      0.00      6.74      0.04      0.00     60.77
05/16/13 11:55:01 AM
11:55:02        all     28.20      0.00      6.53      0.04      0.00     65.23
Average:        all     28.20      0.00      6.53      0.04      0.00     65.23
05/16/13 12:00:01 PM
12:00:02        all     31.90      0.00      6.89      0.04      0.00     61.17
Average:        all     31.90      0.00      6.89      0.04      0.00     61.17
05/16/13 12:05:01 PM
12:05:02        all     28.41      0.00      6.67      0.04      0.00     64.88
Average:        all     28.41      0.00      6.67      0.04      0.00     64.88
05/16/13 12:10:01 PM
12:10:02        all     26.94      0.00      6.77      0.04      0.00     66.26
Average:        all     26.94      0.00      6.77      0.04      0.00     66.26
05/16/13 12:15:01 PM
12:15:02        all     27.70      0.00      6.44      0.04      0.00     65.82
Average:        all     27.70      0.00      6.44      0.04      0.00     65.82
05/16/13 12:20:01 PM
12:20:02        all     21.73      0.00      6.58      0.00      0.00     71.69
Average:        all     21.73      0.00      6.58      0.00      0.00     71.69
05/16/13 12:25:01 PM
12:25:02        all     24.17      0.00      6.96      0.00      0.00     68.87
Average:        all     24.17      0.00      6.96      0.00      0.00     68.87
05/16/13 12:30:01 PM
12:30:02        all     19.15      0.00      7.01      0.00      0.00     73.84
Average:        all     19.15      0.00      7.01      0.00      0.00     73.84
05/16/13 12:35:01 PM
12:35:02        all     18.44      0.00      6.67      0.04      0.00     74.84
Average:        all     18.44      0.00      6.67      0.04      0.00     74.84
05/16/13 12:40:01 PM
12:40:02        all     16.56      0.00      7.02      0.04      0.00     76.37
Average:        all     16.56      0.00      7.02      0.04      0.00     76.37
05/16/13 12:45:01 PM
12:45:02        all     17.75      0.00      7.28      0.04      0.00     74.93
Average:        all     17.75      0.00      7.28      0.04      0.00     74.93
05/16/13 12:50:01 PM
12:50:02        all     14.52      0.00      6.26      0.04      0.00     79.18
Average:        all     14.52      0.00      6.26      0.04      0.00     79.18
05/16/13 12:55:01 PM
12:55:02        all     11.98      0.00      6.05      0.04      0.00     81.92
Average:        all     11.98      0.00      6.05      0.04      0.00     81.92
05/16/13 01:00:01 PM
13:00:02        all     15.62      0.00      5.58      0.00      0.00     78.80
Average:        all     15.62      0.00      5.58      0.00      0.00     78.80
05/16/13 01:05:01 PM
13:05:02        all     14.47      0.00      6.22      0.04      0.00     79.27
Average:        all     14.47      0.00      6.22      0.04      0.00     79.27
05/16/13 01:10:01 PM
13:10:02        all     11.06      0.00      5.57      0.00      0.00     83.37
Average:        all     11.06      0.00      5.57      0.00      0.00     83.37
05/16/13 01:15:01 PM
13:15:02        all     12.28      0.00      6.01      0.00      0.00     81.71
Average:        all     12.28      0.00      6.01      0.00      0.00     81.71
05/16/13 01:20:01 PM
13:20:02        all     11.77      0.00      5.40      0.00      0.00     82.83
Average:        all     11.77      0.00      5.40      0.00      0.00     82.83
05/16/13 01:25:01 PM
13:25:02        all     19.57      0.00      5.69      0.51      0.00     74.24
Average:        all     19.57      0.00      5.69      0.51      0.00     74.24
05/16/13 01:30:01 PM
13:30:02        all     15.45      0.00      5.39      0.04      0.00     79.12
Average:        all     15.45      0.00      5.39      0.04      0.00     79.12
05/16/13 01:35:02 PM
13:35:03        all     10.79      0.00      5.65      0.00      0.00     83.56
Average:        all     10.79      0.00      5.65      0.00      0.00     83.56
05/16/13 01:40:01 PM
13:40:02        all     11.89      0.00      6.03      0.25      0.00     81.82
Average:        all     11.89      0.00      6.03      0.25      0.00     81.82
05/16/13 01:45:01 PM
13:45:02        all     12.18      0.00      6.05      0.00      0.00     81.78
Average:        all     12.18      0.00      6.05      0.00      0.00     81.78
05/16/13 01:50:01 PM
13:50:02        all     13.32      0.00      5.75      0.00      0.00     80.93
Average:        all     13.32      0.00      5.75      0.00      0.00     80.93
05/16/13 01:55:01 PM
13:55:02        all     15.77      0.00      5.70      0.00      0.00     78.53
Average:        all     15.77      0.00      5.70      0.00      0.00     78.53
05/16/13 02:00:01 PM
14:00:02        all      9.40      0.00      5.49      0.04      0.00     85.06
Average:        all      9.40      0.00      5.49      0.04      0.00     85.06
05/16/13 02:05:01 PM
14:05:02        all     10.77      0.00      5.49      0.04      0.00     83.70
Average:        all     10.77      0.00      5.49      0.04      0.00     83.70
05/16/13 02:10:01 PM
14:10:02        all      9.55      0.00      5.90      0.04      0.00     84.51
Average:        all      9.55      0.00      5.90      0.04      0.00     84.51
05/16/13 02:15:01 PM
14:15:02        all     17.83      0.00      5.43      0.04      0.00     76.70
Average:        all     17.83      0.00      5.43      0.04      0.00     76.70
05/16/13 02:20:01 PM
14:20:02        all      9.23      0.00      5.95      0.04      0.00     84.78
Average:        all      9.23      0.00      5.95      0.04      0.00     84.78
05/16/13 02:25:01 PM
14:25:02        all     13.89      0.00      5.63      0.04      0.00     80.43
Average:        all     13.89      0.00      5.63      0.04      0.00     80.43
05/16/13 02:30:01 PM
14:30:02        all     11.29      0.00      5.62      0.00      0.00     83.09
Average:        all     11.29      0.00      5.62      0.00      0.00     83.09
05/16/13 02:35:01 PM
14:35:02        all      8.84      0.00      5.40      0.04      0.00     85.71
Average:        all      8.84      0.00      5.40      0.04      0.00     85.71
05/16/13 02:40:01 PM
14:40:02        all      8.91      0.00      5.73      0.00      0.00     85.37
Average:        all      8.91      0.00      5.73      0.00      0.00     85.37
05/16/13 02:45:01 PM
14:45:02        all      7.97      0.00      5.89      0.04      0.00     86.09
Average:        all      7.97      0.00      5.89      0.04      0.00     86.09
05/16/13 02:50:01 PM
14:50:02        all      8.65      0.00      5.98      0.04      0.00     85.33
Average:        all      8.65      0.00      5.98      0.04      0.00     85.33
05/16/13 02:55:01 PM
14:55:02        all     10.56      0.00      5.98      0.08      0.00     83.38
Average:        all     10.56      0.00      5.98      0.08      0.00     83.38
05/16/13 03:00:01 PM
15:00:02        all     14.42      0.00      5.43      0.00      0.00     80.15
Average:        all     14.42      0.00      5.43      0.00      0.00     80.15
05/16/13 03:05:01 PM
15:05:02        all      8.91      0.00      5.81      0.08      0.00     85.19
Average:        all      8.91      0.00      5.81      0.08      0.00     85.19
05/16/13 03:10:01 PM
15:10:02        all      9.11      0.00      5.75      0.00      0.00     85.14
Average:        all      9.11      0.00      5.75      0.00      0.00     85.14
05/16/13 03:15:01 PM
15:15:02        all      9.17      0.00      5.90      0.00      0.00     84.93
Average:        all      9.17      0.00      5.90      0.00      0.00     84.93
05/16/13 03:20:01 PM
15:20:02        all      9.60      0.00      5.90      0.00      0.00     84.50
Average:        all      9.60      0.00      5.90      0.00      0.00     84.50
05/16/13 03:25:01 PM
15:25:02        all     14.13      0.00      5.69      0.04      0.00     80.14
Average:        all     14.13      0.00      5.69      0.04      0.00     80.14
05/16/13 03:30:01 PM
15:30:02        all      9.20      0.00      6.02      0.00      0.00     84.78
Average:        all      9.20      0.00      6.02      0.00      0.00     84.78
05/16/13 03:35:01 PM
15:35:02        all      8.91      0.00      5.43      0.04      0.00     85.61
Average:        all      8.91      0.00      5.43      0.04      0.00     85.61
05/16/13 03:40:01 PM
15:40:02        all      6.31      0.00      5.37      0.04      0.00     88.28
Average:        all      6.31      0.00      5.37      0.04      0.00     88.28
05/16/13 03:45:01 PM
15:45:02        all     11.24      0.00      5.15      0.00      0.00     83.61
Average:        all     11.24      0.00      5.15      0.00      0.00     83.61
05/16/13 03:50:01 PM
15:50:02        all      7.13      0.00      5.56      0.04      0.00     87.27
Average:        all      7.13      0.00      5.56      0.04      0.00     87.27
05/16/13 03:55:01 PM
15:55:02        all      8.37      0.00      5.23      0.04      0.00     86.36
Average:        all      8.37      0.00      5.23      0.04      0.00     86.36
05/16/13 04:00:01 PM
16:00:02        all      8.33      0.00      5.02      0.00      0.00     86.65
Average:        all      8.33      0.00      5.02      0.00      0.00     86.65
05/16/13 04:05:01 PM
16:05:02        all      8.03      0.00      5.35      0.00      0.00     86.62
Average:        all      8.03      0.00      5.35      0.00      0.00     86.62
05/16/13 04:10:01 PM
16:10:02        all      5.82      0.00      5.52      0.04      0.00     88.61
Average:        all      5.82      0.00      5.52      0.04      0.00     88.61
05/16/13 04:15:01 PM
16:15:02        all      6.20      0.00      5.69      0.00      0.00     88.12
Average:        all      6.20      0.00      5.69      0.00      0.00     88.12
05/16/13 04:20:02 PM
16:20:03        all     10.36      0.00      5.48      0.04      0.00     84.12
Average:        all     10.36      0.00      5.48      0.04      0.00     84.12
05/16/13 04:25:01 PM
16:25:02        all     12.74      0.00      5.21      0.04      0.00     82.01
Average:        all     12.74      0.00      5.21      0.04      0.00     82.01
05/16/13 04:30:01 PM
16:30:02        all     11.69      0.00      5.00      0.04      0.00     83.27
Average:        all     11.69      0.00      5.00      0.04      0.00     83.27
05/16/13 04:35:01 PM
16:35:02        all      9.61      0.00      5.21      0.04      0.00     85.15
Average:        all      9.61      0.00      5.21      0.04      0.00     85.15
05/16/13 04:40:01 PM
16:40:02        all      7.97      0.00      5.59      0.00      0.00     86.44
Average:        all      7.97      0.00      5.59      0.00      0.00     86.44
05/16/13 04:45:01 PM
16:45:02        all      9.13      0.00      5.09      0.00      0.00     85.78
Average:        all      9.13      0.00      5.09      0.00      0.00     85.78
05/16/13 04:50:01 PM
16:50:02        all      6.81      0.00      5.15      0.00      0.00     88.04
Average:        all      6.81      0.00      5.15      0.00      0.00     88.04
05/16/13 04:55:02 PM
16:55:03        all      4.20      0.00      5.72      0.04      0.00     90.04
Average:        all      4.20      0.00      5.72      0.04      0.00     90.04
05/16/13 05:00:01 PM
17:00:02        all      5.73      0.00      5.51      0.00      0.00     88.76
Average:        all      5.73      0.00      5.51      0.00      0.00     88.76
05/16/13 05:05:01 PM
17:05:02        all      7.93      0.00      5.47      0.00      0.00     86.60
Average:        all      7.93      0.00      5.47      0.00      0.00     86.60
05/16/13 05:10:01 PM
17:10:02        all      5.62      0.00      5.20      0.04      0.00     89.14
Average:        all      5.62      0.00      5.20      0.04      0.00     89.14
05/16/13 05:15:01 PM
17:15:02        all      7.50      0.00      5.34      0.04      0.00     87.12
Average:        all      7.50      0.00      5.34      0.04      0.00     87.12
05/16/13 05:20:01 PM
17:20:02        all      6.69      0.00      5.41      0.00      0.00     87.89
Average:        all      6.69      0.00      5.41      0.00      0.00     87.89
05/16/13 05:25:01 PM
17:25:02        all     11.82      0.00      4.83      0.00      0.00     83.35
Average:        all     11.82      0.00      4.83      0.00      0.00     83.35
05/16/13 05:30:01 PM
17:30:02        all      8.10      0.00      5.47      0.00      0.00     86.43
Average:        all      8.10      0.00      5.47      0.00      0.00     86.43
05/16/13 05:35:01 PM
17:35:02        all      7.96      0.00      5.46      0.00      0.00     86.57
Average:        all      7.96      0.00      5.46      0.00      0.00     86.57
05/16/13 05:40:01 PM
17:40:02        all      5.90      0.00      5.44      0.00      0.00     88.66
Average:        all      5.90      0.00      5.44      0.00      0.00     88.66
05/16/13 05:45:01 PM
17:45:02        all      9.30      0.00      5.44      0.00      0.00     85.26
Average:        all      9.30      0.00      5.44      0.00      0.00     85.26
05/16/13 05:50:01 PM
17:50:02        all      8.13      0.00      5.46      0.00      0.00     86.40
Average:        all      8.13      0.00      5.46      0.00      0.00     86.40
05/16/13 05:55:01 PM
17:55:02        all      6.83      0.00      5.18      0.00      0.00     87.99
Average:        all      6.83      0.00      5.18      0.00      0.00     87.99
05/16/13 06:00:01 PM
18:00:02        all      7.42      0.00      5.47      0.00      0.00     87.12
Average:        all      7.42      0.00      5.47      0.00      0.00     87.12
05/16/13 06:05:01 PM
18:05:02        all      4.53      0.00      5.76      0.00      0.00     89.70
Average:        all      4.53      0.00      5.76      0.00      0.00     89.70
05/16/13 06:10:01 PM
18:10:02        all      3.96      0.00      5.32      0.00      0.00     90.73
Average:        all      3.96      0.00      5.32      0.00      0.00     90.73
05/16/13 06:15:01 PM
18:15:02        all      4.24      0.00      5.72      0.00      0.00     90.04
Average:        all      4.24      0.00      5.72      0.00      0.00     90.04
05/16/13 06:20:01 PM
18:20:02        all      4.54      0.00      5.64      0.00      0.00     89.82
Average:        all      4.54      0.00      5.64      0.00      0.00     89.82
05/16/13 06:25:01 PM
18:25:02        all      7.64      0.00      5.13      0.04      0.00     87.19
Average:        all      7.64      0.00      5.13      0.04      0.00     87.19
05/16/13 06:30:01 PM
18:30:02        all      3.88      0.00      5.66      0.00      0.00     90.46
Average:        all      3.88      0.00      5.66      0.00      0.00     90.46
05/16/13 06:35:01 PM
18:35:02        all      3.92      0.00      5.37      0.00      0.00     90.71
Average:        all      3.92      0.00      5.37      0.00      0.00     90.71
05/16/13 06:40:01 PM
18:40:02        all      5.13      0.00      5.47      0.00      0.00     89.39
Average:        all      5.13      0.00      5.47      0.00      0.00     89.39
05/16/13 06:45:01 PM
18:45:02        all      4.26      0.00      5.45      0.00      0.00     90.30
Average:        all      4.26      0.00      5.45      0.00      0.00     90.30
05/16/13 06:50:01 PM
18:50:02        all      3.82      0.00      5.65      0.00      0.00     90.52
Average:        all      3.82      0.00      5.65      0.00      0.00     90.52
05/16/13 06:55:01 PM
18:55:02        all      4.00      0.00      5.36      0.04      0.00     90.60
Average:        all      4.00      0.00      5.36      0.04      0.00     90.60
05/16/13 07:00:01 PM
19:00:02        all      4.43      0.00      5.32      0.04      0.00     90.21
Average:        all      4.43      0.00      5.32      0.04      0.00     90.21
05/16/13 07:05:01 PM
19:05:02        all      3.74      0.00      5.49      0.04      0.00     90.73
Average:        all      3.74      0.00      5.49      0.04      0.00     90.73
05/16/13 07:10:01 PM
19:10:02        all      4.66      0.00      5.72      0.04      0.00     89.57
Average:        all      4.66      0.00      5.72      0.04      0.00     89.57
05/16/13 07:15:01 PM
19:15:02        all      4.16      0.00      5.73      0.00      0.00     90.11
Average:        all      4.16      0.00      5.73      0.00      0.00     90.11
05/16/13 07:20:01 PM
19:20:02        all      3.69      0.00      5.69      0.00      0.00     90.62
Average:        all      3.69      0.00      5.69      0.00      0.00     90.62
05/16/13 07:25:01 PM
19:25:02        all      8.10      0.00      5.13      0.04      0.00     86.72
Average:        all      8.10      0.00      5.13      0.04      0.00     86.72
05/16/13 07:30:01 PM
19:30:02        all      3.83      0.00      5.53      0.00      0.00     90.63
Average:        all      3.83      0.00      5.53      0.00      0.00     90.63
05/16/13 07:35:01 PM
19:35:02        all      3.36      0.00      5.61      0.00      0.00     91.03
Average:        all      3.36      0.00      5.61      0.00      0.00     91.03
05/16/13 07:40:01 PM
19:40:02        all      8.96      0.00      5.35      0.00      0.00     85.69
Average:        all      8.96      0.00      5.35      0.00      0.00     85.69
05/16/13 07:45:01 PM
19:45:02        all      3.83      0.00      5.74      0.00      0.00     90.43
Average:        all      3.83      0.00      5.74      0.00      0.00     90.43
05/16/13 07:50:01 PM
19:50:02        all      3.91      0.00      5.56      0.04      0.00     90.49
Average:        all      3.91      0.00      5.56      0.04      0.00     90.49
05/16/13 07:55:01 PM
19:55:02        all      4.42      0.00      5.35      0.00      0.00     90.23
Average:        all      4.42      0.00      5.35      0.00      0.00     90.23
05/16/13 08:00:01 PM
20:00:02        all      3.78      0.00      5.40      0.00      0.00     90.82
Average:        all      3.78      0.00      5.40      0.00      0.00     90.82
05/16/13 08:05:01 PM
20:05:02        all      3.57      0.00      5.61      0.00      0.00     90.82
Average:        all      3.57      0.00      5.61      0.00      0.00     90.82
05/16/13 08:10:01 PM
20:10:02        all      3.99      0.00      5.64      0.00      0.00     90.37
Average:        all      3.99      0.00      5.64      0.00      0.00     90.37
05/16/13 08:15:01 PM
20:15:02        all      3.91      0.00      5.69      0.00      0.00     90.40
Average:        all      3.91      0.00      5.69      0.00      0.00     90.40
05/16/13 08:20:01 PM
20:20:02        all      4.84      0.00      5.48      0.00      0.00     89.68
Average:        all      4.84      0.00      5.48      0.00      0.00     89.68
05/16/13 08:25:01 PM
20:25:02        all     13.06      0.00      5.49      0.00      0.00     81.45
Average:        all     13.06      0.00      5.49      0.00      0.00     81.45
05/16/13 08:30:01 PM
20:30:02        all      3.77      0.00      5.73      0.00      0.00     90.50
Average:        all      3.77      0.00      5.73      0.00      0.00     90.50
05/16/13 08:35:01 PM
20:35:02        all      4.63      0.00      5.61      0.04      0.00     89.72
Average:        all      4.63      0.00      5.61      0.04      0.00     89.72
05/16/13 08:40:01 PM
20:40:02        all      3.78      0.00      5.73      0.00      0.00     90.50
Average:        all      3.78      0.00      5.73      0.00      0.00     90.50
05/16/13 08:45:01 PM
20:45:02        all      4.46      0.00      5.56      0.00      0.00     89.97
Average:        all      4.46      0.00      5.56      0.00      0.00     89.97
05/16/13 08:50:01 PM
20:50:02        all      4.48      0.00      6.09      0.00      0.00     89.43
Average:        all      4.48      0.00      6.09      0.00      0.00     89.43
05/16/13 08:55:01 PM
20:55:02        all      3.83      0.00      5.57      0.04      0.00     90.56
Average:        all      3.83      0.00      5.57      0.04      0.00     90.56
05/16/13 09:00:01 PM
21:00:02        all      4.12      0.00      5.73      0.04      0.00     90.11
Average:        all      4.12      0.00      5.73      0.04      0.00     90.11
05/16/13 09:05:01 PM
21:05:02        all      4.20      0.00      5.68      0.04      0.00     90.08
Average:        all      4.20      0.00      5.68      0.04      0.00     90.08
05/16/13 09:10:01 PM
21:10:02        all      3.86      0.00      5.73      0.04      0.00     90.37
Average:        all      3.86      0.00      5.73      0.04      0.00     90.37
05/16/13 09:15:01 PM
21:15:02        all      4.34      0.00      5.45      0.00      0.00     90.21
Average:        all      4.34      0.00      5.45      0.00      0.00     90.21
05/16/13 09:20:01 PM
21:20:02        all      3.99      0.00      5.64      0.04      0.00     90.33
Average:        all      3.99      0.00      5.64      0.04      0.00     90.33
05/16/13 09:25:01 PM
21:25:02        all      8.08      0.00      5.20      0.00      0.00     86.72
Average:        all      8.08      0.00      5.20      0.00      0.00     86.72
05/16/13 09:30:02 PM
21:30:03        all      3.95      0.00      5.78      0.04      0.00     90.22
Average:        all      3.95      0.00      5.78      0.04      0.00     90.22
05/16/13 09:35:01 PM
21:35:02        all      3.99      0.00      5.65      0.00      0.00     90.35
Average:        all      3.99      0.00      5.65      0.00      0.00     90.35
05/16/13 09:40:01 PM
21:40:02        all      4.50      0.00      5.47      0.04      0.00     89.99
Average:        all      4.50      0.00      5.47      0.04      0.00     89.99
05/16/13 09:45:01 PM
21:45:02        all      4.42      0.00      5.27      0.00      0.00     90.31
Average:        all      4.42      0.00      5.27      0.00      0.00     90.31
05/16/13 09:50:01 PM
21:50:02        all      3.58      0.00      5.42      0.00      0.00     91.00
Average:        all      3.58      0.00      5.42      0.00      0.00     91.00
05/16/13 09:55:01 PM
21:55:02        all      4.12      0.00      5.73      0.00      0.00     90.14
Average:        all      4.12      0.00      5.73      0.00      0.00     90.14
05/16/13 10:00:01 PM
22:00:02        all      4.21      0.00      5.44      0.04      0.00     90.31
Average:        all      4.21      0.00      5.44      0.04      0.00     90.31
05/16/13 10:05:01 PM
22:05:02        all      3.61      0.00      5.48      0.00      0.00     90.90
Average:        all      3.61      0.00      5.48      0.00      0.00     90.90
05/16/13 10:10:01 PM
22:10:02        all      3.73      0.00      5.81      0.00      0.00     90.46
Average:        all      3.73      0.00      5.81      0.00      0.00     90.46
05/16/13 10:15:01 PM
22:15:02        all      4.02      0.00      5.97      0.00      0.00     90.01
Average:        all      4.02      0.00      5.97      0.00      0.00     90.01
05/16/13 10:20:01 PM
22:20:02        all      3.62      0.00      5.28      0.00      0.00     91.10
Average:        all      3.62      0.00      5.28      0.00      0.00     91.10
05/16/13 10:25:01 PM
22:25:02        all      8.29      0.00      5.24      0.04      0.00     86.43
Average:        all      8.29      0.00      5.24      0.04      0.00     86.43
05/16/13 10:30:01 PM
22:30:02        all      4.13      0.00      5.75      0.00      0.00     90.12
Average:        all      4.13      0.00      5.75      0.00      0.00     90.12
05/16/13 10:35:02 PM
22:35:03        all      4.38      0.00      5.36      0.00      0.00     90.26
Average:        all      4.38      0.00      5.36      0.00      0.00     90.26
05/16/13 10:40:01 PM
22:40:02        all      3.52      0.00      5.82      0.00      0.00     90.66
Average:        all      3.52      0.00      5.82      0.00      0.00     90.66
05/16/13 10:45:01 PM
22:45:02        all      4.59      0.00      5.39      0.00      0.00     90.02
Average:        all      4.59      0.00      5.39      0.00      0.00     90.02
05/16/13 10:50:01 PM
22:50:02        all      3.48      0.00      5.48      0.04      0.00     91.00
Average:        all      3.48      0.00      5.48      0.04      0.00     91.00
05/16/13 10:55:01 PM
22:55:02        all      3.66      0.00      5.49      0.04      0.00     90.81
Average:        all      3.66      0.00      5.49      0.04      0.00     90.81
05/16/13 11:00:01 PM
23:00:02        all      3.74      0.00      5.52      0.00      0.00     90.75
Average:        all      3.74      0.00      5.52      0.00      0.00     90.75
05/16/13 11:05:01 PM
23:05:02        all      3.61      0.00      5.44      0.04      0.00     90.90
Average:        all      3.61      0.00      5.44      0.04      0.00     90.90
05/16/13 11:10:01 PM
23:10:02        all      3.90      0.00      5.85      0.00      0.00     90.25
Average:        all      3.90      0.00      5.85      0.00      0.00     90.25
05/16/13 11:15:01 PM
23:15:02        all      3.96      0.00      5.49      0.00      0.00     90.55
Average:        all      3.96      0.00      5.49      0.00      0.00     90.55
05/16/13 11:20:01 PM
23:20:02        all      3.61      0.00      5.73      0.00      0.00     90.66
Average:        all      3.61      0.00      5.73      0.00      0.00     90.66
05/16/13 11:25:01 PM
23:25:02        all      7.56      0.00      4.97      0.04      0.00     87.43
Average:        all      7.56      0.00      4.97      0.04      0.00     87.43
05/16/13 11:30:01 PM
23:30:02        all      3.69      0.00      5.43      0.00      0.00     90.87
Average:        all      3.69      0.00      5.43      0.00      0.00     90.87
05/16/13 11:35:01 PM
23:35:02        all      3.53      0.00      5.40      0.00      0.00     91.07
Average:        all      3.53      0.00      5.40      0.00      0.00     91.07
05/16/13 11:40:01 PM
23:40:02        all      4.04      0.00      5.44      0.00      0.00     90.51
Average:        all      4.04      0.00      5.44      0.00      0.00     90.51
05/16/13 11:45:01 PM
23:45:02        all      4.08      0.00      5.27      0.00      0.00     90.65
Average:        all      4.08      0.00      5.27      0.00      0.00     90.65
05/16/13 11:50:01 PM
23:50:02        all      3.60      0.00      5.60      0.04      0.00     90.75
Average:        all      3.60      0.00      5.60      0.04      0.00     90.75
05/16/13 11:55:01 PM
23:55:02        all      4.12      0.00      5.56      0.00      0.00     90.32
Average:        all      4.12      0.00      5.56      0.00      0.00     90.32
05/17/13 12:00:01 AM
00:00:02        all      3.87      0.00      5.40      0.04      0.00     90.69
Average:        all      3.87      0.00      5.40      0.04      0.00     90.69
05/17/13 12:05:01 AM
00:05:02        all      3.53      0.00      5.20      0.00      0.00     91.27
Average:        all      3.53      0.00      5.20      0.00      0.00     91.27
05/17/13 12:10:01 AM
00:10:02        all      3.99      0.00      5.68      0.00      0.00     90.33
Average:        all      3.99      0.00      5.68      0.00      0.00     90.33
05/17/13 12:15:01 AM
00:15:02        all      3.64      0.00      5.85      0.00      0.00     90.51
Average:        all      3.64      0.00      5.85      0.00      0.00     90.51
05/17/13 12:20:01 AM
00:20:02        all      3.79      0.00      5.28      0.04      0.00     90.88
Average:        all      3.79      0.00      5.28      0.04      0.00     90.88
05/17/13 12:25:01 AM
00:25:02        all      7.63      0.00      5.30      0.00      0.00     87.07
Average:        all      7.63      0.00      5.30      0.00      0.00     87.07
05/17/13 12:30:01 AM
00:30:02        all      3.70      0.00      5.44      0.00      0.00     90.86
Average:        all      3.70      0.00      5.44      0.00      0.00     90.86
05/17/13 12:35:01 AM
00:35:02        all      3.74      0.00      5.32      0.00      0.00     90.94
Average:        all      3.74      0.00      5.32      0.00      0.00     90.94
05/17/13 12:40:01 AM
00:40:02        all      3.49      0.00      5.57      0.00      0.00     90.94
Average:        all      3.49      0.00      5.57      0.00      0.00     90.94
05/17/13 12:45:01 AM
00:45:02        all      3.70      0.00      5.53      0.00      0.00     90.77
Average:        all      3.70      0.00      5.53      0.00      0.00     90.77
05/17/13 12:50:01 AM
00:50:02        all      4.00      0.00      5.58      0.00      0.00     90.42
Average:        all      4.00      0.00      5.58      0.00      0.00     90.42
05/17/13 12:55:01 AM
00:55:02        all      3.49      0.00      5.70      0.00      0.00     90.82
Average:        all      3.49      0.00      5.70      0.00      0.00     90.82
05/17/13 01:00:01 AM
01:00:02        all      3.86      0.00      5.60      0.04      0.00     90.50
Average:        all      3.86      0.00      5.60      0.04      0.00     90.50
05/17/13 01:05:01 AM
01:05:02        all      3.99      0.00      5.65      0.00      0.00     90.36
Average:        all      3.99      0.00      5.65      0.00      0.00     90.36
05/17/13 01:10:01 AM
01:10:02        all      3.73      0.00      5.47      0.00      0.00     90.80
Average:        all      3.73      0.00      5.47      0.00      0.00     90.80
05/17/13 01:15:01 AM
01:15:02        all      3.99      0.00      5.52      0.00      0.00     90.48
Average:        all      3.99      0.00      5.52      0.00      0.00     90.48
05/17/13 01:20:01 AM
01:20:02        all      4.03      0.00      5.69      0.00      0.00     90.28
Average:        all      4.03      0.00      5.69      0.00      0.00     90.28
05/17/13 01:25:01 AM
01:25:02        all      7.87      0.00      5.25      0.00      0.00     86.88
Average:        all      7.87      0.00      5.25      0.00      0.00     86.88
05/17/13 01:30:01 AM
01:30:02        all      3.62      0.00      5.54      0.00      0.00     90.84
Average:        all      3.62      0.00      5.54      0.00      0.00     90.84
05/17/13 01:35:01 AM
01:35:02        all      3.78      0.00      5.73      0.00      0.00     90.50
Average:        all      3.78      0.00      5.73      0.00      0.00     90.50
05/17/13 01:40:01 AM
01:40:02        all      3.82      0.00      5.82      0.00      0.00     90.35
Average:        all      3.82      0.00      5.82      0.00      0.00     90.35
05/17/13 01:45:01 AM
01:45:02        all      4.68      0.00      5.11      0.00      0.00     90.21
Average:        all      4.68      0.00      5.11      0.00      0.00     90.21
05/17/13 01:50:01 AM
01:50:02        all      3.87      0.00      5.74      0.04      0.00     90.34
Average:        all      3.87      0.00      5.74      0.04      0.00     90.34
05/17/13 01:55:01 AM
01:55:02        all      4.04      0.00      5.52      0.04      0.00     90.40
Average:        all      4.04      0.00      5.52      0.04      0.00     90.40
05/17/13 02:00:01 AM
02:00:02        all      3.69      0.00      5.51      0.00      0.00     90.80
Average:        all      3.69      0.00      5.51      0.00      0.00     90.80
05/17/13 02:05:01 AM
02:05:02        all      3.91      0.00      5.40      0.00      0.00     90.69
Average:        all      3.91      0.00      5.40      0.00      0.00     90.69
05/17/13 02:10:01 AM
02:10:02        all      4.02      0.00      5.93      0.00      0.00     90.05
Average:        all      4.02      0.00      5.93      0.00      0.00     90.05
05/17/13 02:15:01 AM
02:15:02        all      3.96      0.00      5.66      0.00      0.00     90.39
Average:        all      3.96      0.00      5.66      0.00      0.00     90.39
05/17/13 02:20:01 AM
02:20:02        all      3.73      0.00      5.64      0.00      0.00     90.63
Average:        all      3.73      0.00      5.64      0.00      0.00     90.63
05/17/13 02:25:01 AM
02:25:02        all      7.38      0.00      5.47      0.00      0.00     87.16
Average:        all      7.38      0.00      5.47      0.00      0.00     87.16
05/17/13 02:30:01 AM
02:30:02        all      3.86      0.00      5.65      0.00      0.00     90.49
Average:        all      3.86      0.00      5.65      0.00      0.00     90.49
05/17/13 02:35:01 AM
02:35:02        all      4.03      0.00      5.56      0.00      0.00     90.40
Average:        all      4.03      0.00      5.56      0.00      0.00     90.40
05/17/13 02:40:01 AM
02:40:02        all      3.49      0.00      5.49      0.00      0.00     91.03
Average:        all      3.49      0.00      5.49      0.00      0.00     91.03
05/17/13 02:45:01 AM
02:45:02        all      4.07      0.00      5.51      0.00      0.00     90.42
Average:        all      4.07      0.00      5.51      0.00      0.00     90.42
05/17/13 02:50:01 AM
02:50:02        all      3.57      0.00      5.69      0.00      0.00     90.74
Average:        all      3.57      0.00      5.69      0.00      0.00     90.74
05/17/13 02:55:01 AM
02:55:02        all      3.90      0.00      5.64      0.04      0.00     90.42
Average:        all      3.90      0.00      5.64      0.04      0.00     90.42
05/17/13 03:00:01 AM
03:00:02        all      4.32      0.00      5.42      0.00      0.00     90.25
Average:        all      4.32      0.00      5.42      0.00      0.00     90.25
05/17/13 03:05:01 AM
03:05:02        all      3.74      0.00      5.48      0.00      0.00     90.78
Average:        all      3.74      0.00      5.48      0.00      0.00     90.78
05/17/13 03:10:01 AM
03:10:02        all      3.61      0.00      5.65      0.00      0.00     90.74
Average:        all      3.61      0.00      5.65      0.00      0.00     90.74
05/17/13 03:15:01 AM
03:15:02        all      4.17      0.00      5.49      0.00      0.00     90.34
Average:        all      4.17      0.00      5.49      0.00      0.00     90.34
05/17/13 03:20:01 AM
03:20:02        all      3.74      0.00      5.48      0.00      0.00     90.78
Average:        all      3.74      0.00      5.48      0.00      0.00     90.78
05/17/13 03:25:01 AM
03:25:02        all      8.11      0.00      4.84      0.00      0.00     87.05
Average:        all      8.11      0.00      4.84      0.00      0.00     87.05
05/17/13 03:30:01 AM
03:30:02        all      4.17      0.13      5.87      0.00      0.00     89.83
Average:        all      4.17      0.13      5.87      0.00      0.00     89.83
05/17/13 03:35:01 AM
03:35:02        all      3.49      0.00      5.37      0.00      0.00     91.14
Average:        all      3.49      0.00      5.37      0.00      0.00     91.14
05/17/13 03:40:01 AM
03:40:02        all      3.71      0.00      5.49      0.00      0.00     90.80
Average:        all      3.71      0.00      5.49      0.00      0.00     90.80
05/17/13 03:45:01 AM
03:45:02        all      3.65      0.00      5.90      0.00      0.00     90.45
Average:        all      3.65      0.00      5.90      0.00      0.00     90.45
05/17/13 03:50:01 AM
03:50:02        all      3.99      0.00      5.86      0.00      0.00     90.15
Average:        all      3.99      0.00      5.86      0.00      0.00     90.15
05/17/13 03:55:01 AM
03:55:02        all      5.94      0.00      5.73      0.04      0.00     88.29
Average:        all      5.94      0.00      5.73      0.04      0.00     88.29
05/17/13 04:00:01 AM
04:00:02        all      3.65      0.00      5.52      0.00      0.00     90.83
Average:        all      3.65      0.00      5.52      0.00      0.00     90.83
05/17/13 04:05:01 AM
04:05:02        all      3.82      0.00      5.51      0.00      0.00     90.67
Average:        all      3.82      0.00      5.51      0.00      0.00     90.67
05/17/13 04:10:01 AM
04:10:02        all      4.80      0.00      5.56      0.00      0.00     89.64
Average:        all      4.80      0.00      5.56      0.00      0.00     89.64
05/17/13 04:15:01 AM
04:15:02        all      3.74      0.00      5.48      0.00      0.00     90.79
Average:        all      3.74      0.00      5.48      0.00      0.00     90.79
05/17/13 04:20:01 AM
04:20:02        all      4.08      0.00      5.52      0.04      0.00     90.36
Average:        all      4.08      0.00      5.52      0.04      0.00     90.36
05/17/13 04:25:01 AM
04:25:02        all      8.08      0.00      5.54      0.00      0.00     86.38
Average:        all      8.08      0.00      5.54      0.00      0.00     86.38
05/17/13 04:30:01 AM
04:30:02        all      4.15      0.00      5.76      0.00      0.00     90.08
Average:        all      4.15      0.00      5.76      0.00      0.00     90.08
05/17/13 04:35:01 AM
04:35:02        all      4.20      0.00      5.47      0.00      0.00     90.33
Average:        all      4.20      0.00      5.47      0.00      0.00     90.33
05/17/13 04:40:01 AM
04:40:02        all      3.57      0.00      5.53      0.00      0.00     90.90
Average:        all      3.57      0.00      5.53      0.00      0.00     90.90
05/17/13 04:45:01 AM
04:45:02        all      3.90      0.00      5.60      0.00      0.00     90.49
Average:        all      3.90      0.00      5.60      0.00      0.00     90.49
05/17/13 04:50:01 AM
04:50:02        all      3.98      0.00      5.68      0.00      0.00     90.33
Average:        all      3.98      0.00      5.68      0.00      0.00     90.33
05/17/13 04:55:01 AM
04:55:02        all      4.13      0.00      5.28      0.00      0.00     90.58
Average:        all      4.13      0.00      5.28      0.00      0.00     90.58
05/17/13 05:00:01 AM
05:00:02        all      3.70      0.00      5.40      0.00      0.00     90.90
Average:        all      3.70      0.00      5.40      0.00      0.00     90.90
05/17/13 05:05:01 AM
05:05:02        all      3.66      0.00      5.36      0.04      0.00     90.94
Average:        all      3.66      0.00      5.36      0.04      0.00     90.94
05/17/13 05:10:01 AM
05:10:02        all      3.57      0.00      5.56      0.00      0.00     90.87
Average:        all      3.57      0.00      5.56      0.00      0.00     90.87
05/17/13 05:15:01 AM
05:15:02        all      3.87      0.00      5.45      0.00      0.00     90.68
Average:        all      3.87      0.00      5.45      0.00      0.00     90.68
05/17/13 05:20:01 AM
05:20:02        all      4.23      0.00      5.75      0.00      0.00     90.03
Average:        all      4.23      0.00      5.75      0.00      0.00     90.03
05/17/13 05:25:01 AM
05:25:02        all      7.42      0.00      5.09      0.00      0.00     87.49
Average:        all      7.42      0.00      5.09      0.00      0.00     87.49
05/17/13 05:30:01 AM
05:30:02        all      4.58      0.00      5.56      0.00      0.00     89.86
Average:        all      4.58      0.00      5.56      0.00      0.00     89.86
05/17/13 05:35:01 AM
05:35:02        all      4.09      0.00      5.37      0.00      0.00     90.54
Average:        all      4.09      0.00      5.37      0.00      0.00     90.54
05/17/13 05:40:01 AM
05:40:02        all      3.82      0.00      5.52      0.00      0.00     90.67
Average:        all      3.82      0.00      5.52      0.00      0.00     90.67
05/17/13 05:45:01 AM
05:45:02        all      3.95      0.00      5.52      0.04      0.00     90.49
Average:        all      3.95      0.00      5.52      0.04      0.00     90.49
05/17/13 05:50:01 AM
05:50:02        all      3.65      0.00      5.68      0.00      0.00     90.67
Average:        all      3.65      0.00      5.68      0.00      0.00     90.67
05/17/13 05:55:01 AM
05:55:02        all      3.86      0.00      5.65      0.00      0.00     90.49
Average:        all      3.86      0.00      5.65      0.00      0.00     90.49
05/17/13 06:00:01 AM
06:00:02        all      3.58      0.00      5.62      0.00      0.00     90.80
Average:        all      3.58      0.00      5.62      0.00      0.00     90.80
05/17/13 06:05:01 AM
06:05:02        all      4.50      0.00      5.61      0.00      0.00     89.89
Average:        all      4.50      0.00      5.61      0.00      0.00     89.89
05/17/13 06:10:01 AM
06:10:02        all      4.00      0.00      5.53      0.00      0.00     90.46
Average:        all      4.00      0.00      5.53      0.00      0.00     90.46
05/17/13 06:15:01 AM
06:15:02        all      3.40      0.00      5.65      0.00      0.00     90.95
Average:        all      3.40      0.00      5.65      0.00      0.00     90.95
05/17/13 06:20:01 AM
06:20:02        all      3.58      0.00      5.12      0.00      0.00     91.30
Average:        all      3.58      0.00      5.12      0.00      0.00     91.30
05/17/13 06:25:01 AM
06:25:02        all      7.91      0.00      5.10      0.00      0.00     86.98
Average:        all      7.91      0.00      5.10      0.00      0.00     86.98
05/17/13 06:30:01 AM
06:30:02        all      3.45      0.00      5.58      0.00      0.00     90.97
Average:        all      3.45      0.00      5.58      0.00      0.00     90.97
05/17/13 06:35:01 AM
06:35:02        all      3.82      0.00      5.43      0.00      0.00     90.76
Average:        all      3.82      0.00      5.43      0.00      0.00     90.76
05/17/13 06:40:02 AM
06:40:03        all      3.95      0.00      5.40      0.00      0.00     90.65
Average:        all      3.95      0.00      5.40      0.00      0.00     90.65
05/17/13 06:45:01 AM
06:45:02        all      3.79      0.00      5.32      0.00      0.00     90.90
Average:        all      3.79      0.00      5.32      0.00      0.00     90.90
05/17/13 06:50:01 AM
06:50:02        all      3.77      0.00      5.71      0.00      0.00     90.52
Average:        all      3.77      0.00      5.71      0.00      0.00     90.52
05/17/13 06:55:01 AM
06:55:02        all      3.53      0.00      5.56      0.00      0.00     90.91
Average:        all      3.53      0.00      5.56      0.00      0.00     90.91
05/17/13 07:00:01 AM
07:00:02        all      4.00      0.00      5.65      0.04      0.00     90.31
Average:        all      4.00      0.00      5.65      0.04      0.00     90.31
05/17/13 07:05:01 AM
07:05:02        all      4.43      0.00      5.41      0.00      0.00     90.16
Average:        all      4.43      0.00      5.41      0.00      0.00     90.16
05/17/13 07:10:01 AM
07:10:02        all      3.49      0.00      5.53      0.00      0.00     90.97
Average:        all      3.49      0.00      5.53      0.00      0.00     90.97
05/17/13 07:15:01 AM
07:15:02        all      3.79      0.00      5.54      0.00      0.00     90.67
Average:        all      3.79      0.00      5.54      0.00      0.00     90.67
05/17/13 07:20:01 AM
07:20:02        all      3.52      0.00      5.72      0.00      0.00     90.77
Average:        all      3.52      0.00      5.72      0.00      0.00     90.77
05/17/13 07:25:01 AM
07:25:02        all      7.42      0.00      5.13      0.00      0.00     87.45
Average:        all      7.42      0.00      5.13      0.00      0.00     87.45
05/17/13 07:30:01 AM
07:30:02        all      3.66      0.00      5.49      0.00      0.00     90.85
Average:        all      3.66      0.00      5.49      0.00      0.00     90.85
05/17/13 07:35:01 AM
07:35:02        all      3.57      0.00      5.49      0.00      0.00     90.94
Average:        all      3.57      0.00      5.49      0.00      0.00     90.94
05/17/13 07:40:01 AM
07:40:02        all      3.87      0.00      5.74      0.00      0.00     90.38
Average:        all      3.87      0.00      5.74      0.00      0.00     90.38
05/17/13 07:45:01 AM
07:45:02        all      4.07      0.00      5.69      0.00      0.00     90.24
Average:        all      4.07      0.00      5.69      0.00      0.00     90.24
05/17/13 07:50:01 AM
07:50:02        all      3.77      0.00      5.85      0.00      0.00     90.37
Average:        all      3.77      0.00      5.85      0.00      0.00     90.37
05/17/13 07:55:02 AM
07:55:03        all      4.07      0.00      5.56      0.00      0.00     90.37
Average:        all      4.07      0.00      5.56      0.00      0.00     90.37
05/17/13 08:00:01 AM
08:00:02        all      3.73      0.00      5.51      0.00      0.00     90.76
Average:        all      3.73      0.00      5.51      0.00      0.00     90.76
05/17/13 08:05:01 AM
08:05:02        all      4.45      0.00      5.76      0.00      0.00     89.79
Average:        all      4.45      0.00      5.76      0.00      0.00     89.79
05/17/13 08:10:01 AM
08:10:02        all      4.29      0.00      5.48      0.00      0.00     90.23
Average:        all      4.29      0.00      5.48      0.00      0.00     90.23
05/17/13 08:15:01 AM
08:15:02        all      3.61      0.00      5.69      0.00      0.00     90.70
Average:        all      3.61      0.00      5.69      0.00      0.00     90.70
05/17/13 08:20:01 AM
08:20:02        all      3.78      0.00      5.48      0.00      0.00     90.74
Average:        all      3.78      0.00      5.48      0.00      0.00     90.74
05/17/13 08:25:01 AM
08:25:02        all      7.98      0.00      4.97      0.00      0.00     87.05
Average:        all      7.98      0.00      4.97      0.00      0.00     87.05
05/17/13 08:30:01 AM
08:30:02        all      3.32      0.00      5.53      0.04      0.00     91.11
Average:        all      3.32      0.00      5.53      0.04      0.00     91.11
05/17/13 08:35:01 AM
08:35:02        all      3.52      0.00      5.69      0.00      0.00     90.79
Average:        all      3.52      0.00      5.69      0.00      0.00     90.79
05/17/13 08:40:01 AM
08:40:02        all      4.66      0.00      5.68      0.00      0.00     89.67
Average:        all      4.66      0.00      5.68      0.00      0.00     89.67
05/17/13 08:45
08:45:02        all      3.36      0.00      5.57      0.00      0.00     91.08
Average:        all      3.36      0.00      5.57      0.00      0.00     91.08
05/17/13 08:50
08:50:02        all      3.61      0.00      5.57      0.00      0.00     90.82
Average:        all      3.61      0.00      5.57      0.00      0.00     90.82
05/17/13 08:55
08:55:02        all      4.37      0.00      5.52      0.00      0.00     90.11
Average:        all      4.37      0.00      5.52      0.00      0.00     90.11
05/17/13 09:00
09:00:02        all      3.36      0.00      5.87      0.00      0.00     90.77
Average:        all      3.36      0.00      5.87      0.00      0.00     90.77
05/17/13 09:05
09:05:02        all      3.91      0.00      5.52      0.00      0.00     90.57
Average:        all      3.91      0.00      5.52      0.00      0.00     90.57
05/17/13 09:10
09:10:03        all      4.00      0.00      5.41      0.00      0.00     90.59
Average:        all      4.00      0.00      5.41      0.00      0.00     90.59
