05/16/13 08:15:04 AM
             total       used       free     shared    buffers     cached
Mem:      99064464    1832444   97232020          0      70744     371200
Swap:     66310136          0   66310136
05/16/13 08:20:03 AM
Mem:      99064464    1833096   97231368          0      71112     371476
Swap:     66310136          0   66310136
05/16/13 08:25:04 AM
Mem:      99064464    1831860   97232604          0      71480     371716
Swap:     66310136          0   66310136
05/16/13 08:30:03 AM
Mem:      99064464    1828936   97235528          0      71904     371984
Swap:     66310136          0   66310136
05/16/13 08:35:03 AM
Mem:      99064464    1830516   97233948          0      72280     372236
Swap:     66310136          0   66310136
05/16/13 08:40:03 AM
Mem:      99064464    1832000   97232464          0      72648     372504
Swap:     66310136          0   66310136
05/16/13 08:45:03 AM
Mem:      99064464    1831412   97233052          0      73024     372756
Swap:     66310136          0   66310136
05/16/13 08:50:03 AM
Mem:      99064464    1833392   97231072          0      73456     373020
Swap:     66310136          0   66310136
05/16/13 08:55:03 AM
Mem:      99064464    1832828   97231636          0      73832     373264
Swap:     66310136          0   66310136
05/16/13 09:00:03 AM
Mem:      99064464    1835832   97228632          0      74224     373536
Swap:     66310136          0   66310136
05/16/13 09:05:03 AM
Mem:      99064464    1835484   97228980          0      74616     373788
Swap:     66310136          0   66310136
05/16/13 09:10:03 AM
Mem:      99064464    1837620   97226844          0      75048     374044
Swap:     66310136          0   66310136
05/16/13 09:15:03 AM
Mem:      99064464    1834940   97229524          0      75472     374292
Swap:     66310136          0   66310136
05/16/13 09:20:03 AM
Mem:      99064464    1837140   97227324          0      75864     374544
Swap:     66310136          0   66310136
05/16/13 09:25:03 AM
Mem:      99064464    1836936   97227528          0      76232     374796
Swap:     66310136          0   66310136
05/16/13 09:30:03 AM
Mem:      99064464    1839500   97224964          0      76632     375064
Swap:     66310136          0   66310136
05/16/13 09:35:03 AM
Mem:      99064464    1837520   97226944          0      76992     375320
Swap:     66310136          0   66310136
05/16/13 09:40:03 AM
Mem:      99064464    1841388   97223076          0      77368     375580
Swap:     66310136          0   66310136
05/16/13 09:45:03 AM
Mem:      99064464    1838948   97225516          0      77744     375832
Swap:     66310136          0   66310136
05/16/13 09:50:03 AM
Mem:      99064464    1841840   97222624          0      78136     376096
Swap:     66310136          0   66310136
05/16/13 09:55:03 AM
Mem:      99064464    4099804   94964660          0      80244     398132
Swap:     66310136          0   66310136
05/16/13 10:00:03 AM
Mem:      99064464    4088672   94975792          0      81692     383508
Swap:     66310136          0   66310136
05/16/13 10:05:03 AM
Mem:      99064464    4112788   94951676          0      82636     383880
Swap:     66310136          0   66310136
05/16/13 10:10:03 AM
Mem:      99064464    4345292   94719172          0      83840     384832
Swap:     66310136          0   66310136
05/16/13 10:15:03 AM
Mem:      99064464    8867212   90197252          0      86484     386736
Swap:     66310136          0   66310136
05/16/13 10:20:03 AM
Mem:      99064464   13133780   85930684          0      89100     388196
Swap:     66310136          0   66310136
05/16/13 10:25:03 AM
Mem:      99064464   20512840   78551624          0      92340     391672
Swap:     66310136          0   66310136
05/16/13 10:30:03 AM
Mem:      99064464   24457832   74606632          0      95416     394032
Swap:     66310136          0   66310136
05/16/13 10:35:03 AM
Mem:      99064464   33302164   65762300          0      98732     397856
Swap:     66310136          0   66310136
05/16/13 10:40:03 AM
Mem:      99064464   38003476   61060988          0     102636     401280
Swap:     66310136          0   66310136
05/16/13 10:45:03 AM
Mem:      99064464   44836672   54227792          0     106216     405468
Swap:     66310136          0   66310136
05/16/13 10:50:03 AM
Mem:      99064464   44880084   54184380          0     107664     407940
Swap:     66310136          0   66310136
05/16/13 10:55:04 AM
Mem:      99064464   44924248   54140216          0     108748     410356
Swap:     66310136          0   66310136
05/16/13 11:00:03 AM
Mem:      99064464   45045032   54019432          0     109472     412780
Swap:     66310136          0   66310136
05/16/13 11:05:03 AM
Mem:      99064464   45002584   54061880          0     110328     398344
Swap:     66310136          0   66310136
05/16/13 11:10:03 AM
Mem:      99064464   45039456   54025008          0     111224     400768
Swap:     66310136          0   66310136
05/16/13 11:15:03 AM
Mem:      99064464   45058700   54005764          0     112456     403228
Swap:     66310136          0   66310136
05/16/13 11:20:03 AM
Mem:      99064464   45066844   53997620          0     113392     405644
Swap:     66310136          0   66310136
05/16/13 11:25:03 AM
Mem:      99064464   45134072   53930392          0     114276     408120
Swap:     66310136          0   66310136
05/16/13 11:30:03 AM
Mem:      99064464   45102896   53961568          0     115156     393076
Swap:     66310136          0   66310136
05/16/13 11:35:03 AM
Mem:      99064464   45086168   53978296          0     116048     395512
Swap:     66310136          0   66310136
05/16/13 11:40:03 AM
Mem:      99064464   45099272   53965192          0     116920     397932
Swap:     66310136          0   66310136
05/16/13 11:45:03 AM
Mem:      99064464   45103196   53961268          0     117832     400336
Swap:     66310136          0   66310136
05/16/13 11:50:03 AM
Mem:      99064464   45091076   53973388          0     118804     402748
Swap:     66310136          0   66310136
05/16/13 11:55:03 AM
Mem:      99064464   45108592   53955872          0     119660     405160
Swap:     66310136          0   66310136
05/16/13 12:00:03 PM
Mem:      99064464   45166708   53897756          0     121244     407676
Swap:     66310136          0   66310136
05/16/13 12:05:03 PM
Mem:      99064464   45145180   53919284          0     122544     403692
Swap:     66310136          0   66310136
05/16/13 12:10:03 PM
Mem:      99064464   45163464   53901000          0     123756     406184
Swap:     66310136          0   66310136
05/16/13 12:15:03 PM
Mem:      99064464   45190508   53873956          0     124764     408584
Swap:     66310136          0   66310136
05/16/13 12:20:03 PM
Mem:      99064464   45161456   53903008          0     125740     411004
Swap:     66310136          0   66310136
05/16/13 12:25:03 PM
Mem:      99064464   45289480   53774984          0     126736     413480
Swap:     66310136          0   66310136
05/16/13 12:30:03 PM
Mem:      99064464   45276040   53788424          0     127744     400228
Swap:     66310136          0   66310136
05/16/13 12:35:04 PM
Mem:      99064464   45238544   53825920          0     128756     402660
Swap:     66310136          0   66310136
05/16/13 12:40:03 PM
Mem:      99064464   45227584   53836880          0     129860     405076
Swap:     66310136          0   66310136
05/16/13 12:45:03 PM
Mem:      99064464   45283432   53781032          0     130864     407484
Swap:     66310136          0   66310136
05/16/13 12:50:03 PM
Mem:      99064464   45314112   53750352          0     131796     409888
Swap:     66310136          0   66310136
05/16/13 12:55:03 PM
Mem:      99064464   45274888   53789576          0     132424     412300
Swap:     66310136          0   66310136
05/16/13 01:00:03 PM
Mem:      99064464   45284968   53779496          0     133532     414772
Swap:     66310136          0   66310136
05/16/13 01:05:03 PM
Mem:      99064464   45269904   53794560          0     134188     401276
Swap:     66310136          0   66310136
05/16/13 01:10:03 PM
Mem:      99064464   45277616   53786848          0     134856     403712
Swap:     66310136          0   66310136
05/16/13 01:15:03 PM
Mem:      99064464   45368108   53696356          0     135468     406132
Swap:     66310136          0   66310136
05/16/13 01:20:03 PM
Mem:      99064464   45330112   53734352          0     136120     408540
Swap:     66310136          0   66310136
05/16/13 01:25:03 PM
Mem:      99064464   45373200   53691264          0     136892     411116
Swap:     66310136          0   66310136
05/16/13 01:30:03 PM
Mem:      99064464   45326420   53738044          0     137812     397784
Swap:     66310136          0   66310136
05/16/13 01:35:04 PM
Mem:      99064464   45354036   53710428          0     138400     400200
Swap:     66310136          0   66310136
05/16/13 01:40:03 PM
Mem:      99064464   45331800   53732664          0     139132     402620
Swap:     66310136          0   66310136
05/16/13 01:45:03 PM
Mem:      99064464   45342992   53721472          0     139716     405032
Swap:     66310136          0   66310136
05/16/13 01:50:03 PM
Mem:      99064464   45343148   53721316          0     140352     407436
Swap:     66310136          0   66310136
05/16/13 01:55:03 PM
Mem:      99064464   45344116   53720348          0     141028     409832
Swap:     66310136          0   66310136
05/16/13 02:00:03 PM
Mem:      99064464   45382044   53682420          0     141684     412236
Swap:     66310136          0   66310136
05/16/13 02:05:03 PM
Mem:      99064464   45357176   53707288          0     142348     414648
Swap:     66310136          0   66310136
05/16/13 02:10:03 PM
Mem:      99064464   45384396   53680068          0     142976     417072
Swap:     66310136          0   66310136
05/16/13 02:15:03 PM
Mem:      99064464   45359608   53704856          0     143520     419476
Swap:     66310136          0   66310136
05/16/13 02:20:03 PM
Mem:      99064464   45392260   53672204          0     144132     421892
Swap:     66310136          0   66310136
05/16/13 02:25:03 PM
Mem:      99064464   45456200   53608264          0     144696     424464
Swap:     66310136          0   66310136
05/16/13 02:30:03 PM
Mem:      99064464   45433848   53630616          0     145304     411080
Swap:     66310136          0   66310136
05/16/13 02:35:03 PM
Mem:      99064464   45425512   53638952          0     145952     413496
Swap:     66310136          0   66310136
05/16/13 02:40:03 PM
Mem:      99064464   45432308   53632156          0     146560     415908
Swap:     66310136          0   66310136
05/16/13 02:45:03 PM
Mem:      99064464   45433716   53630748          0     147176     418312
Swap:     66310136          0   66310136
05/16/13 02:50:03 PM
Mem:      99064464   45471324   53593140          0     147808     420736
Swap:     66310136          0   66310136
05/16/13 02:55:03 PM
Mem:      99064464   45480504   53583960          0     148440     423140
Swap:     66310136          0   66310136
05/16/13 03:00:03 PM
Mem:      99064464   45499268   53565196          0     149108     425528
Swap:     66310136          0   66310136
05/16/13 03:05:03 PM
Mem:      99064464   45471160   53593304          0     149792     412116
Swap:     66310136          0   66310136
05/16/13 03:10:03 PM
Mem:      99064464   45506660   53557804          0     150496     414532
Swap:     66310136          0   66310136
05/16/13 03:15:03 PM
Mem:      99064464   45493816   53570648          0     151184     416916
Swap:     66310136          0   66310136
05/16/13 03:20:03 PM
Mem:      99064464   45490144   53574320          0     151912     419348
Swap:     66310136          0   66310136
05/16/13 03:25:03 PM
Mem:      99064464   45559620   53504844          0     152616     421792
Swap:     66310136          0   66310136
05/16/13 03:30:03 PM
Mem:      99064464   45483224   53581240          0     153272     408524
Swap:     66310136          0   66310136
05/16/13 03:35:03 PM
Mem:      99064464   45499984   53564480          0     153896     410936
Swap:     66310136          0   66310136
05/16/13 03:40:03 PM
Mem:      99064464   45520056   53544408          0     154612     413320
Swap:     66310136          0   66310136
05/16/13 03:45:03 PM
Mem:      99064464   45525112   53539352          0     155004     415732
Swap:     66310136          0   66310136
05/16/13 03:50:03 PM
Mem:      99064464   45518136   53546328          0     155464     418196
Swap:     66310136          0   66310136
05/16/13 03:55:03 PM
Mem:      99064464   45523296   53541168          0     156092     420616
Swap:     66310136          0   66310136
05/16/13 04:00:03 PM
Mem:      99064464   45547100   53517364          0     156664     423008
Swap:     66310136          0   66310136
05/16/13 04:05:03 PM
Mem:      99064464   45527968   53536496          0     157240     409440
Swap:     66310136          0   66310136
05/16/13 04:10:03 PM
Mem:      99064464   45540684   53523780          0     157808     411860
Swap:     66310136          0   66310136
05/16/13 04:15:03 PM
Mem:      99064464   45534816   53529648          0     158396     414268
Swap:     66310136          0   66310136
05/16/13 04:20:04 PM
Mem:      99064464   45542576   53521888          0     158928     416688
Swap:     66310136          0   66310136
05/16/13 04:25:03 PM
Mem:      99064464   45610444   53454020          0     159508     419236
Swap:     66310136          0   66310136
05/16/13 04:30:03 PM
Mem:      99064464   45545440   53519024          0     160096     405844
Swap:     66310136          0   66310136
05/16/13 04:35:03 PM
Mem:      99064464   45546428   53518036          0     160624     408256
Swap:     66310136          0   66310136
05/16/13 04:40:03 PM
Mem:      99064464   45542288   53522176          0     161256     410664
Swap:     66310136          0   66310136
05/16/13 04:45:03 PM
Mem:      99064464   45552956   53511508          0     161896     413072
Swap:     66310136          0   66310136
05/16/13 04:50:03 PM
Mem:      99064464   45586936   53477528          0     162516     415496
Swap:     66310136          0   66310136
05/16/13 04:55:04 PM
Mem:      99064464   45583556   53480908          0     163120     417900
Swap:     66310136          0   66310136
05/16/13 05:00:03 PM
Mem:      99064464   45626660   53437804          0     163684     420316
Swap:     66310136          0   66310136
05/16/13 05:05:03 PM
Mem:      99064464   45582444   53482020          0     164256     406928
Swap:     66310136          0   66310136
05/16/13 05:10:03 PM
Mem:      99064464   45588848   53475616          0     164808     409352
Swap:     66310136          0   66310136
05/16/13 05:15:03 PM
Mem:      99064464   45617688   53446776          0     165420     411760
Swap:     66310136          0   66310136
05/16/13 05:20:03 PM
Mem:      99064464   45611708   53452756          0     165956     414168
Swap:     66310136          0   66310136
05/16/13 05:25:03 PM
Mem:      99064464   45685840   53378624          0     166512     416628
Swap:     66310136          0   66310136
05/16/13 05:30:04 PM
Mem:      99064464   45603560   53460904          0     167088     403312
Swap:     66310136          0   66310136
05/16/13 05:35:03 PM
Mem:      99064464   45637472   53426992          0     167672     405732
Swap:     66310136          0   66310136
05/16/13 05:40:03 PM
Mem:      99064464   45623100   53441364          0     168232     408148
Swap:     66310136          0   66310136
05/16/13 05:45:03 PM
Mem:      99064464   45626300   53438164          0     168836     410560
Swap:     66310136          0   66310136
05/16/13 05:50:03 PM
Mem:      99064464   45635916   53428548          0     169312     412972
Swap:     66310136          0   66310136
05/16/13 05:55:03 PM
Mem:      99064464   45634104   53430360          0     169740     415372
Swap:     66310136          0   66310136
05/16/13 06:00:03 PM
Mem:      99064464   45623512   53440952          0     170136     417792
Swap:     66310136          0   66310136
05/16/13 06:05:03 PM
Mem:      99064464   45650640   53413824          0     170564     420216
Swap:     66310136          0   66310136
05/16/13 06:10:03 PM
Mem:      99064464   45659568   53404896          0     171012     422616
Swap:     66310136          0   66310136
05/16/13 06:15:03 PM
Mem:      99064464   45645184   53419280          0     171440     425032
Swap:     66310136          0   66310136
05/16/13 06:20:03 PM
Mem:      99064464   45660824   53403640          0     171840     427452
Swap:     66310136          0   66310136
05/16/13 06:25:03 PM
Mem:      99064464   45728784   53335680          0     172304     430032
Swap:     66310136          0   66310136
05/16/13 06:30:03 PM
Mem:      99064464   45655480   53408984          0     172760     416596
Swap:     66310136          0   66310136
05/16/13 06:35:03 PM
Mem:      99064464   45654820   53409644          0     173220     419004
Swap:     66310136          0   66310136
05/16/13 06:40:03 PM
Mem:      99064464   45662116   53402348          0     173648     421428
Swap:     66310136          0   66310136
05/16/13 06:45:03 PM
Mem:      99064464   45665644   53398820          0     174108     423832
Swap:     66310136          0   66310136
05/16/13 06:50:03 PM
Mem:      99064464   45657788   53406676          0     174576     426244
Swap:     66310136          0   66310136
05/16/13 06:55:03 PM
Mem:      99064464   45667852   53396612          0     174988     428652
Swap:     66310136          0   66310136
05/16/13 07:00:03 PM
Mem:      99064464   45676160   53388304          0     175476     431056
Swap:     66310136          0   66310136
05/16/13 07:05:03 PM
Mem:      99064464   45651296   53413168          0     175956     417668
Swap:     66310136          0   66310136
05/16/13 07:10:03 PM
Mem:      99064464   45655664   53408800          0     176392     420092
Swap:     66310136          0   66310136
05/16/13 07:15:03 PM
Mem:      99064464   45666108   53398356          0     176832     422504
Swap:     66310136          0   66310136
05/16/13 07:20:03 PM
Mem:      99064464   45671240   53393224          0     177272     424912
Swap:     66310136          0   66310136
05/16/13 07:25:03 PM
Mem:      99064464   45725688   53338776          0     177748     427504
Swap:     66310136          0   66310136
05/16/13 07:30:03 PM
Mem:      99064464   45659720   53404744          0     178260     414052
Swap:     66310136          0   66310136
05/16/13 07:35:03 PM
Mem:      99064464   45661368   53403096          0     178748     416456
Swap:     66310136          0   66310136
05/16/13 07:40:03 PM
Mem:      99064464   45666860   53397604          0     179272     418864
Swap:     66310136          0   66310136
05/16/13 07:45:03 PM
Mem:      99064464   45660832   53403632          0     179808     421272
Swap:     66310136          0   66310136
05/16/13 07:50:03 PM
Mem:      99064464   45673320   53391144          0     180324     423656
Swap:     66310136          0   66310136
05/16/13 07:55:03 PM
Mem:      99064464   45666640   53397824          0     180696     426076
Swap:     66310136          0   66310136
05/16/13 08:00:03 PM
Mem:      99064464   45713640   53350824          0     181012     428492
Swap:     66310136          0   66310136
05/16/13 08:05:03 PM
Mem:      99064464   45664220   53400244          0     181268     414920
Swap:     66310136          0   66310136
05/16/13 08:10:03 PM
Mem:      99064464   45661964   53402500          0     181572     417348
Swap:     66310136          0   66310136
05/16/13 08:15:03 PM
Mem:      99064464   45669944   53394520          0     181944     419744
Swap:     66310136          0   66310136
05/16/13 08:20:03 PM
Mem:      99064464   45685756   53378708          0     182296     422152
Swap:     66310136          0   66310136
05/16/13 08:25:03 PM
Mem:      99064464   45744360   53320104          0     182668     424736
Swap:     66310136          0   66310136
05/16/13 08:30:03 PM
Mem:      99064464   45661900   53402564          0     183032     411336
Swap:     66310136          0   66310136
05/16/13 08:35:03 PM
Mem:      99064464   45660984   53403480          0     183380     413736
Swap:     66310136          0   66310136
05/16/13 08:40:03 PM
Mem:      99064464   45677484   53386980          0     183828     416160
Swap:     66310136          0   66310136
05/16/13 08:45:03 PM
Mem:      99064464   45673780   53390684          0     184204     418568
Swap:     66310136          0   66310136
05/16/13 08:50:03 PM
Mem:      99064464   45713504   53350960          0     184648     421004
Swap:     66310136          0   66310136
05/16/13 08:55:03 PM
Mem:      99064464   45711976   53352488          0     185036     423416
Swap:     66310136          0   66310136
05/16/13 09:00:03 PM
Mem:      99064464   45718212   53346252          0     185440     425824
Swap:     66310136          0   66310136
05/16/13 09:05:03 PM
Mem:      99064464   45701800   53362664          0     185816     412424
Swap:     66310136          0   66310136
05/16/13 09:10:03 PM
Mem:      99064464   45711616   53352848          0     186224     414852
Swap:     66310136          0   66310136
05/16/13 09:15:03 PM
Mem:      99064464   45711356   53353108          0     186648     417256
Swap:     66310136          0   66310136
05/16/13 09:20:03 PM
Mem:      99064464   45716892   53347572          0     187012     419668
Swap:     66310136          0   66310136
05/16/13 09:25:03 PM
Mem:      99064464   45785088   53279376          0     187400     422244
Swap:     66310136          0   66310136
05/16/13 09:30:04 PM
Mem:      99064464   45707696   53356768          0     187772     408812
Swap:     66310136          0   66310136
05/16/13 09:35:03 PM
Mem:      99064464   45710848   53353616          0     188168     411216
Swap:     66310136          0   66310136
05/16/13 09:40:03 PM
Mem:      99064464   45718524   53345940          0     188512     413644
Swap:     66310136          0   66310136
05/16/13 09:45:03 PM
Mem:      99064464   45716540   53347924          0     188944     416004
Swap:     66310136          0   66310136
05/16/13 09:50:03 PM
Mem:      99064464   45724768   53339696          0     189360     418416
Swap:     66310136          0   66310136
05/16/13 09:55:03 PM
Mem:      99064464   45724084   53340380          0     189772     420828
Swap:     66310136          0   66310136
05/16/13 10:00:03 PM
Mem:      99064464   45724896   53339568          0     190236     423252
Swap:     66310136          0   66310136
05/16/13 10:05:03 PM
Mem:      99064464   45730000   53334464          0     190640     425640
Swap:     66310136          0   66310136
05/16/13 10:10:03 PM
Mem:      99064464   45734056   53330408          0     191032     428060
Swap:     66310136          0   66310136
05/16/13 10:15:03 PM
Mem:      99064464   45739112   53325352          0     191444     430468
Swap:     66310136          0   66310136
05/16/13 10:20:03 PM
Mem:      99064464   45743920   53320544          0     191864     432884
Swap:     66310136          0   66310136
05/16/13 10:25:03 PM
Mem:      99064464   45806428   53258036          0     192288     435476
Swap:     66310136          0   66310136
05/16/13 10:30:03 PM
Mem:      99064464   45731320   53333144          0     192652     422072
Swap:     66310136          0   66310136
05/16/13 10:35:04 PM
Mem:      99064464   45733056   53331408          0     193088     424484
Swap:     66310136          0   66310136
05/16/13 10:40:03 PM
Mem:      99064464   45739016   53325448          0     193536     426848
Swap:     66310136          0   66310136
05/16/13 10:45:03 PM
Mem:      99064464   45739708   53324756          0     193896     429256
Swap:     66310136          0   66310136
05/16/13 10:50:03 PM
Mem:      99064464   45741132   53323332          0     194212     431668
Swap:     66310136          0   66310136
05/16/13 10:55:03 PM
Mem:      99064464   45746352   53318112          0     194512     434076
Swap:     66310136          0   66310136
05/16/13 11:00:03 PM
Mem:      99064464   45749244   53315220          0     194868     436492
Swap:     66310136          0   66310136
05/16/13 11:05:03 PM
Mem:      99064464   45736036   53328428          0     195192     423120
Swap:     66310136          0   66310136
05/16/13 11:10:03 PM
Mem:      99064464   45737428   53327036          0     195440     425540
Swap:     66310136          0   66310136
05/16/13 11:15:03 PM
Mem:      99064464   45742712   53321752          0     195788     427940
Swap:     66310136          0   66310136
05/16/13 11:20:03 PM
Mem:      99064464   45742560   53321904          0     196136     430384
Swap:     66310136          0   66310136
05/16/13 11:25:03 PM
Mem:      99064464   45814420   53250044          0     196424     432896
Swap:     66310136          0   66310136
05/16/13 11:30:03 PM
Mem:      99064464   45738992   53325472          0     196768     419516
Swap:     66310136          0   66310136
05/16/13 11:35:03 PM
Mem:      99064464   45736496   53327968          0     197112     421920
Swap:     66310136          0   66310136
05/16/13 11:40:03 PM
Mem:      99064464   45740620   53323844          0     197436     424340
Swap:     66310136          0   66310136
05/16/13 11:45:03 PM
Mem:      99064464   45744736   53319728          0     197732     426748
Swap:     66310136          0   66310136
05/16/13 11:50:03 PM
Mem:      99064464   45748348   53316116          0     198040     429184
Swap:     66310136          0   66310136
05/16/13 11:55:03 PM
Mem:      99064464   45748176   53316288          0     198388     432880
Swap:     66310136          0   66310136
05/17/13 12:00:03 AM
Mem:      99064464   45761508   53302956          0     198720     435296
Swap:     66310136          0   66310136
05/17/13 12:05:03 AM
Mem:      99064464   45739780   53324684          0     199020     421724
Swap:     66310136          0   66310136
05/17/13 12:10:03 AM
Mem:      99064464   45744124   53320340          0     199348     424156
Swap:     66310136          0   66310136
05/17/13 12:15:03 AM
Mem:      99064464   45748060   53316404          0     199676     426564
Swap:     66310136          0   66310136
05/17/13 12:20:03 AM
Mem:      99064464   45751516   53312948          0     199944     428984
Swap:     66310136          0   66310136
05/17/13 12:25:03 AM
Mem:      99064464   45817140   53247324          0     200252     431500
Swap:     66310136          0   66310136
05/17/13 12:30:03 AM
Mem:      99064464   45741396   53323068          0     200524     418104
Swap:     66310136          0   66310136
05/17/13 12:35:03 AM
Mem:      99064464   45742568   53321896          0     200848     420520
Swap:     66310136          0   66310136
05/17/13 12:40:03 AM
Mem:      99064464   45747840   53316624          0     201232     422956
Swap:     66310136          0   66310136
05/17/13 12:45:03 AM
Mem:      99064464   45747088   53317376          0     201600     425372
Swap:     66310136          0   66310136
05/17/13 12:50:03 AM
Mem:      99064464   45753892   53310572          0     201904     427784
Swap:     66310136          0   66310136
05/17/13 12:55:03 AM
Mem:      99064464   45759172   53305292          0     202284     430200
Swap:     66310136          0   66310136
05/17/13 01:00:03 AM
Mem:      99064464   45762928   53301536          0     202580     432608
Swap:     66310136          0   66310136
05/17/13 01:05:03 AM
Mem:      99064464   45749564   53314900          0     202884     419164
Swap:     66310136          0   66310136
05/17/13 01:10:03 AM
Mem:      99064464   45753544   53310920          0     203260     421584
Swap:     66310136          0   66310136
05/17/13 01:15:03 AM
Mem:      99064464   45752776   53311688          0     203652     423992
Swap:     66310136          0   66310136
05/17/13 01:20:03 AM
Mem:      99064464   45754332   53310132          0     204040     426428
Swap:     66310136          0   66310136
05/17/13 01:25:03 AM
Mem:      99064464   45824992   53239472          0     204300     428948
Swap:     66310136          0   66310136
05/17/13 01:30:03 AM
Mem:      99064464   45751044   53313420          0     204648     415560
Swap:     66310136          0   66310136
05/17/13 01:35:03 AM
Mem:      99064464   45750708   53313756          0     205008     417960
Swap:     66310136          0   66310136
05/17/13 01:40:03 AM
Mem:      99064464   45758308   53306156          0     205360     420404
Swap:     66310136          0   66310136
05/17/13 01:45:03 AM
Mem:      99064464   45789144   53275320          0     206952     434520
Swap:     66310136          0   66310136
05/17/13 01:50:03 AM
Mem:      99064464   45923528   53140936          0     221716     564940
Swap:     66310136          0   66310136
05/17/13 01:55:03 AM
Mem:      99064464   45926068   53138396          0     221984     567656
Swap:     66310136          0   66310136
05/17/13 02:00:03 AM
Mem:      99064464   45932184   53132280          0     222160     570084
Swap:     66310136          0   66310136
05/17/13 02:05:04 AM
Mem:      99064464   45959012   53105452          0     223184     589328
Swap:     66310136          0   66310136
05/17/13 02:10:03 AM
Mem:      99064464   45963892   53100572          0     223424     591900
Swap:     66310136          0   66310136
05/17/13 02:15:03 AM
Mem:      99064464   45962304   53102160          0     223692     594316
Swap:     66310136          0   66310136
05/17/13 02:20:03 AM
Mem:      99064464   45967052   53097412          0     223956     596720
Swap:     66310136          0   66310136
05/17/13 02:25:03 AM
Mem:      99064464   46031052   53033412          0     224172     599248
Swap:     66310136          0   66310136
05/17/13 02:30:03 AM
Mem:      99064464   45962140   53102324          0     224404     585884
Swap:     66310136          0   66310136
05/17/13 02:35:03 AM
Mem:      99064464   45957564   53106900          0     224644     588300
Swap:     66310136          0   66310136
05/17/13 02:40:03 AM
Mem:      99064464   45965140   53099324          0     224860     590716
Swap:     66310136          0   66310136
05/17/13 02:45:03 AM
Mem:      99064464   45966048   53098416          0     225136     593140
Swap:     66310136          0   66310136
05/17/13 02:50:03 AM
Mem:      99064464   45970752   53093712          0     225412     595580
Swap:     66310136          0   66310136
05/17/13 02:55:03 AM
Mem:      99064464   45971636   53092828          0     225696     598008
Swap:     66310136          0   66310136
05/17/13 03:00:03 AM
Mem:      99064464   45974292   53090172          0     225932     600436
Swap:     66310136          0   66310136
05/17/13 03:05:03 AM
Mem:      99064464   45960100   53104364          0     226152     587084
Swap:     66310136          0   66310136
05/17/13 03:10:03 AM
Mem:      99064464   45968144   53096320          0     226420     589564
Swap:     66310136          0   66310136
05/17/13 03:15:03 AM
Mem:      99064464   45966924   53097540          0     226664     591980
Swap:     66310136          0   66310136
05/17/13 03:20:04 AM
Mem:      99064464   45974596   53089868          0     226952     594428
Swap:     66310136          0   66310136
05/17/13 03:25:03 AM
Mem:      99064464   46039256   53025208          0     227224     597016
Swap:     66310136          0   66310136
05/17/13 03:30:03 AM
Mem:      99064464   45965276   53099188          0     227480     583652
Swap:     66310136          0   66310136
05/17/13 03:35:03 AM
Mem:      99064464   45965640   53098824          0     227656     586064
Swap:     66310136          0   66310136
05/17/13 03:40:03 AM
Mem:      99064464   45969424   53095040          0     227920     588472
Swap:     66310136          0   66310136
05/17/13 03:45:03 AM
Mem:      99064464   45969248   53095216          0     228152     590884
Swap:     66310136          0   66310136
05/17/13 03:50:03 AM
Mem:      99064464   45972660   53091804          0     228368     593300
Swap:     66310136          0   66310136
05/17/13 03:55:03 AM
Mem:      99064464   45979952   53084512          0     228568     595740
Swap:     66310136          0   66310136
05/17/13 04:00:03 AM
Mem:      99064464   45985040   53079424          0     228808     598144
Swap:     66310136          0   66310136
05/17/13 04:05:03 AM
Mem:      99064464   45964336   53100128          0     229072     584596
Swap:     66310136          0   66310136
05/17/13 04:10:03 AM
Mem:      99064464   45970704   53093760          0     229272     587024
Swap:     66310136          0   66310136
05/17/13 04:15:04 AM
Mem:      99064464   45972464   53092000          0     229444     589432
Swap:     66310136          0   66310136
05/17/13 04:20:03 AM
Mem:      99064464   45972092   53092372          0     229676     591836
Swap:     66310136          0   66310136
05/17/13 04:25:03 AM
Mem:      99064464   46042392   53022072          0     229892     594424
Swap:     66310136          0   66310136
05/17/13 04:30:03 AM
Mem:      99064464   45963396   53101068          0     230116     581032
Swap:     66310136          0   66310136
05/17/13 04:35:03 AM
Mem:      99064464   45967400   53097064          0     230392     583436
Swap:     66310136          0   66310136
05/17/13 04:40:03 AM
Mem:      99064464   45968692   53095772          0     230660     585808
Swap:     66310136          0   66310136
05/17/13 04:45:03 AM
Mem:      99064464   45970532   53093932          0     230872     588224
Swap:     66310136          0   66310136
05/17/13 04:50:03 AM
Mem:      99064464   45977496   53086968          0     231120     590628
Swap:     66310136          0   66310136
05/17/13 04:55:03 AM
Mem:      99064464   45975356   53089108          0     231344     593028
Swap:     66310136          0   66310136
05/17/13 05:00:03 AM
Mem:      99064464   45979612   53084852          0     231572     595452
Swap:     66310136          0   66310136
05/17/13 05:05:03 AM
Mem:      99064464   45967996   53096468          0     231800     582068
Swap:     66310136          0   66310136
05/17/13 05:10:03 AM
Mem:      99064464   45971944   53092520          0     231988     584472
Swap:     66310136          0   66310136
05/17/13 05:15:03 AM
Mem:      99064464   45975624   53088840          0     232248     586884
Swap:     66310136          0   66310136
05/17/13 05:20:03 AM
Mem:      99064464   45977764   53086700          0     232428     589300
Swap:     66310136          0   66310136
05/17/13 05:25:03 AM
Mem:      99064464   46048232   53016232          0     232652     591764
Swap:     66310136          0   66310136
05/17/13 05:30:03 AM
Mem:      99064464   45969332   53095132          0     232856     578444
Swap:     66310136          0   66310136
05/17/13 05:35:04 AM
Mem:      99064464   45972080   53092384          0     233052     580864
Swap:     66310136          0   66310136
05/17/13 05:40:03 AM
Mem:      99064464   45975360   53089104          0     233268     583272
Swap:     66310136          0   66310136
05/17/13 05:45:03 AM
Mem:      99064464   45974132   53090332          0     233476     585680
Swap:     66310136          0   66310136
05/17/13 05:50:03 AM
Mem:      99064464   45978808   53085656          0     233676     588104
Swap:     66310136          0   66310136
05/17/13 05:55:03 AM
Mem:      99064464   45980680   53083784          0     233880     590504
Swap:     66310136          0   66310136
05/17/13 06:00:03 AM
Mem:      99064464   45982836   53081628          0     234064     592924
Swap:     66310136          0   66310136
05/17/13 06:05:03 AM
Mem:      99064464   45987328   53077136          0     234252     595320
Swap:     66310136          0   66310136
05/17/13 06:10:03 AM
Mem:      99064464   45998748   53065716          0     234408     597752
Swap:     66310136          0   66310136
05/17/13 06:15:03 AM
Mem:      99064464   45994736   53069728          0     234676     600144
Swap:     66310136          0   66310136
05/17/13 06:20:03 AM
Mem:      99064464   46001356   53063108          0     234892     602584
Swap:     66310136          0   66310136
05/17/13 06:25:03 AM
Mem:      99064464   46066264   52998200          0     235104     605084
Swap:     66310136          0   66310136
05/17/13 06:30:03 AM
Mem:      99064464   45989340   53075124          0     235352     591768
Swap:     66310136          0   66310136
05/17/13 06:35:03 AM
Mem:      99064464   45990976   53073488          0     235620     594184
Swap:     66310136          0   66310136
05/17/13 06:40:04 AM
Mem:      99064464   45993856   53070608          0     235836     596604
Swap:     66310136          0   66310136
05/17/13 06:45:03 AM
Mem:      99064464   45994856   53069608          0     236032     599000
Swap:     66310136          0   66310136
05/17/13 06:50:03 AM
Mem:      99064464   46000152   53064312          0     236280     601420
Swap:     66310136          0   66310136
05/17/13 06:55:03 AM
Mem:      99064464   45999136   53065328          0     236504     603836
Swap:     66310136          0   66310136
05/17/13 07:00:03 AM
Mem:      99064464   46002776   53061688          0     236720     606248
Swap:     66310136          0   66310136
05/17/13 07:05:03 AM
Mem:      99064464   45995276   53069188          0     236936     592848
Swap:     66310136          0   66310136
05/17/13 07:10:03 AM
Mem:      99064464   45998476   53065988          0     237164     595304
Swap:     66310136          0   66310136
05/17/13 07:15:03 AM
Mem:      99064464   45996500   53067964          0     237348     597712
Swap:     66310136          0   66310136
05/17/13 07:20:03 AM
Mem:      99064464   45997824   53066640          0     237564     600128
Swap:     66310136          0   66310136
05/17/13 07:25:03 AM
Mem:      99064464   46071104   52993360          0     237780     602684
Swap:     66310136          0   66310136
05/17/13 07:30:03 AM
Mem:      99064464   45988960   53075504          0     237988     589292
Swap:     66310136          0   66310136
05/17/13 07:35:03 AM
Mem:      99064464   45994640   53069824          0     238212     591712
Swap:     66310136          0   66310136
05/17/13 07:40:03 AM
Mem:      99064464   45995952   53068512          0     238424     594148
Swap:     66310136          0   66310136
05/17/13 07:45:03 AM
Mem:      99064464   46004780   53059684          0     238632     596540
Swap:     66310136          0   66310136
05/17/13 07:50:03 AM
Mem:      99064464   46006052   53058412          0     238828     598980
Swap:     66310136          0   66310136
05/17/13 07:55:04 AM
Mem:      99064464   46008160   53056304          0     239080     601316
Swap:     66310136          0   66310136
05/17/13 08:00:03 AM
Mem:      99064464   46006844   53057620          0     239272     603692
Swap:     66310136          0   66310136
05/17/13 08:05:03 AM
Mem:      99064464   45993064   53071400          0     239508     590120
Swap:     66310136          0   66310136
05/17/13 08:10:03 AM
Mem:      99064464   46000364   53064100          0     239716     592552
Swap:     66310136          0   66310136
05/17/13 08:15:03 AM
Mem:      99064464   46003424   53061040          0     239944     594956
Swap:     66310136          0   66310136
05/17/13 08:20:03 AM
Mem:      99064464   46007244   53057220          0     240132     597364
Swap:     66310136          0   66310136
05/17/13 08:25:03 AM
Mem:      99064464   46072624   52991840          0     240272     599908
Swap:     66310136          0   66310136
05/17/13 08:30:03 AM
Mem:      99064464   45993864   53070600          0     240360     586544
Swap:     66310136          0   66310136
05/17/13 08:35:03 AM
Mem:      99064464   45993488   53070976          0     240428     588960
Swap:     66310136          0   66310136
05/17/13 08:40:03 AM
Mem:      99064464   46002684   53061780          0     240572     591612
Swap:     66310136          0   66310136
05/17/13 08:45
Mem:      99064464   46003004   53061460          0     240668     594052
Swap:     66310136          0   66310136
05/17/13 08:50
Mem:      99064464   46004692   53059772          0     240888     596468
Swap:     66310136          0   66310136
05/17/13 08:55
Mem:      99064464   46010632   53053832          0     241020     598880
Swap:     66310136          0   66310136
05/17/13 09:00
Mem:      99064464   46009036   53055428          0     241156     601252
Swap:     66310136          0   66310136
05/17/13 09:05
Mem:      99064464   45997180   53067284          0     241280     587916
Swap:     66310136          0   66310136
05/17/13 09:10
Mem:      99064464   46004404   53060060          0     241488     590336
Swap:     66310136          0   66310136
