05/16/13 08:15:02 AM
08:15:02        IFACE   rxpck/s   txpck/s    rxkB/s    txkB/s   rxcmp/s   txcmp/s  rxmcst/s
08:15:04         eth1     13.00      0.00      1.16      0.00      0.00      0.00      0.00
Average:         eth1     13.00      0.00      1.16      0.00      0.00      0.00      0.00
05/16/13 08:20:02 AM
08:20:03         eth1     15.00     11.00      3.81      3.42      0.00      0.00      0.00
Average:         eth1     15.00     11.00      3.81      3.42      0.00      0.00      0.00
05/16/13 08:25:03 AM
08:25:04         eth1     32.00     29.00      7.88     16.78      0.00      0.00      0.00
Average:         eth1     32.00     29.00      7.88     16.78      0.00      0.00      0.00
05/16/13 08:30:02 AM
08:30:03         eth1     45.00     34.00     11.71     12.41      0.00      0.00      5.00
Average:         eth1     45.00     34.00     11.71     12.41      0.00      0.00      5.00
05/16/13 08:35:02 AM
08:35:03         eth1     34.00     30.00      7.98     16.84      0.00      0.00      3.00
Average:         eth1     34.00     30.00      7.98     16.84      0.00      0.00      3.00
05/16/13 08:40:02 AM
08:40:03         eth1      4.00      0.00      0.39      0.00      0.00      0.00      9.00
Average:         eth1      4.00      0.00      0.39      0.00      0.00      0.00      9.00
05/16/13 08:45:02 AM
08:45:03         eth1     42.42     40.40     10.35     19.30      0.00      0.00      5.05
Average:         eth1     42.42     40.40     10.35     19.30      0.00      0.00      5.05
05/16/13 08:50:02 AM
08:50:03         eth1     16.00     11.00      3.96      3.42      0.00      0.00      2.00
Average:         eth1     16.00     11.00      3.96      3.42      0.00      0.00      2.00
05/16/13 08:55:02 AM
08:55:03         eth1     37.00     23.00      8.60      8.99      0.00      0.00      6.00
Average:         eth1     37.00     23.00      8.60      8.99      0.00      0.00      6.00
05/16/13 09:00:02 AM
09:00:03         eth1     11.00      0.00      3.42      0.00      0.00      0.00     12.00
Average:         eth1     11.00      0.00      3.42      0.00      0.00      0.00     12.00
05/16/13 09:05:02 AM
09:05:03         eth1      3.00      0.00      0.18      0.00      0.00      0.00      1.00
Average:         eth1      3.00      0.00      0.18      0.00      0.00      0.00      1.00
05/16/13 09:10:02 AM
09:10:03         eth1     17.00     11.00      3.93      3.42      0.00      0.00      2.00
Average:         eth1     17.00     11.00      3.93      3.42      0.00      0.00      2.00
05/16/13 09:15:02 AM
09:15:03         eth1     15.00     11.00      3.81      3.42      0.00      0.00      2.00
Average:         eth1     15.00     11.00      3.81      3.42      0.00      0.00      2.00
05/16/13 09:20:02 AM
09:20:03         eth1      0.99      0.00      0.06      0.00      0.00      0.00      1.98
Average:         eth1      0.99      0.00      0.06      0.00      0.00      0.00      1.98
05/16/13 09:25:02 AM
09:25:03         eth1      0.00      0.00      0.00      0.00      0.00      0.00      2.00
Average:         eth1      0.00      0.00      0.00      0.00      0.00      0.00      2.00
05/16/13 09:30:02 AM
09:30:03         eth1      3.00      0.00      0.65      0.00      0.00      0.00      1.00
Average:         eth1      3.00      0.00      0.65      0.00      0.00      0.00      1.00
05/16/13 09:35:02 AM
09:35:03         eth1     16.00     11.00      3.96      3.42      0.00      0.00      1.00
Average:         eth1     16.00     11.00      3.96      3.42      0.00      0.00      1.00
05/16/13 09:40:02 AM
09:40:03         eth1     17.00     11.00      4.10      3.42      0.00      0.00      3.00
Average:         eth1     17.00     11.00      4.10      3.42      0.00      0.00      3.00
05/16/13 09:45:02 AM
09:45:03         eth1      1.00      0.00      0.06      0.00      0.00      0.00      0.00
Average:         eth1      1.00      0.00      0.06      0.00      0.00      0.00      0.00
05/16/13 09:50:02 AM
09:50:03         eth1     16.00     11.00      3.86      3.42      0.00      0.00      0.00
Average:         eth1     16.00     11.00      3.86      3.42      0.00      0.00      0.00
05/16/13 09:55:02 AM
09:55:03         eth1     30.00     12.00      4.97      3.75      0.00      0.00     11.00
Average:         eth1     30.00     12.00      4.97      3.75      0.00      0.00     11.00
05/16/13 10:00:02 AM
10:00:03         eth1     59.00     57.00      4.71     18.36      0.00      0.00      1.00
Average:         eth1     59.00     57.00      4.71     18.36      0.00      0.00      1.00
05/16/13 10:05:02 AM
10:05:03         eth1     42.00     41.00      6.14     17.16      0.00      0.00      2.00
Average:         eth1     42.00     41.00      6.14     17.16      0.00      0.00      2.00
05/16/13 10:10:02 AM
10:10:03         eth1    534.65    668.32    161.90    545.12      0.00      0.00     17.82
Average:         eth1    534.65    668.32    161.90    545.12      0.00      0.00     17.82
05/16/13 10:15:02 AM
10:15:03         eth1   1071.43   1861.22    244.56   1323.44      0.00      0.00      3.06
Average:         eth1   1071.43   1861.22    244.56   1323.44      0.00      0.00      3.06
05/16/13 10:20:02 AM
10:20:03         eth1   1596.88   3361.46    272.37   2326.19      0.00      0.00      5.21
Average:         eth1   1596.88   3361.46    272.37   2326.19      0.00      0.00      5.21
05/16/13 10:25:02 AM
10:25:03         eth1   1862.24   4752.04    280.66   2723.98      0.00      0.00      2.04
Average:         eth1   1862.24   4752.04    280.66   2723.98      0.00      0.00      2.04
05/16/13 10:30:02 AM
10:30:03         eth1   2019.39   4895.92    306.16   2378.42      0.00      0.00      1.02
Average:         eth1   2019.39   4895.92    306.16   2378.42      0.00      0.00      1.02
05/16/13 10:35:02 AM
10:35:03         eth1   2833.67   8264.29    349.07   6820.64      0.00      0.00      2.04
Average:         eth1   2833.67   8264.29    349.07   6820.64      0.00      0.00      2.04
05/16/13 10:40:02 AM
10:40:03         eth1   3073.47   9435.71    354.14   7987.98      0.00      0.00      2.04
Average:         eth1   3073.47   9435.71    354.14   7987.98      0.00      0.00      2.04
05/16/13 10:45:02 AM
10:45:03         eth1   3467.35  11854.08    392.73  10721.47      0.00      0.00      4.08
Average:         eth1   3467.35  11854.08    392.73  10721.47      0.00      0.00      4.08
05/16/13 10:50:02 AM
10:50:03         eth1   3704.17  12804.17    410.01  10862.74      0.00      0.00      0.00
Average:         eth1   3704.17  12804.17    410.01  10862.74      0.00      0.00      0.00
05/16/13 10:55:03 AM
10:55:04         eth1   3043.30  11264.95    347.10   9893.41      0.00      0.00      0.00
Average:         eth1   3043.30  11264.95    347.10   9893.41      0.00      0.00      0.00
05/16/13 11:00:02 AM
11:00:03         eth1   3816.49  14919.59    397.58  16121.84      0.00      0.00     29.90
Average:         eth1   3816.49  14919.59    397.58  16121.84      0.00      0.00     29.90
05/16/13 11:05:02 AM
11:05:03         eth1   3442.42  13987.88    380.45  14134.96      0.00      0.00      4.04
Average:         eth1   3442.42  13987.88    380.45  14134.96      0.00      0.00      4.04
05/16/13 11:10:02 AM
11:10:03         eth1   2981.82  11944.44    354.51  12167.81      0.00      0.00      5.05
Average:         eth1   2981.82  11944.44    354.51  12167.81      0.00      0.00      5.05
05/16/13 11:15:02 AM
11:15:03         eth1   3080.61  11792.86    359.16  11408.04      0.00      0.00      1.02
Average:         eth1   3080.61  11792.86    359.16  11408.04      0.00      0.00      1.02
05/16/13 11:20:02 AM
11:20:03         eth1   3868.69  15205.05    418.58  16972.96      0.00      0.00      2.02
Average:         eth1   3868.69  15205.05    418.58  16972.96      0.00      0.00      2.02
05/16/13 11:25:02 AM
11:25:03         eth1   3694.06  15418.81    377.89  17502.89      0.00      0.00      0.99
Average:         eth1   3694.06  15418.81    377.89  17502.89      0.00      0.00      0.99
05/16/13 11:30:02 AM
11:30:03         eth1   2978.35  12087.63    340.64  13530.10      0.00      0.00      1.03
Average:         eth1   2978.35  12087.63    340.64  13530.10      0.00      0.00      1.03
05/16/13 11:35:02 AM
11:35:03         eth1   2850.51  10004.04    347.51  10127.14      0.00      0.00      7.07
Average:         eth1   2850.51  10004.04    347.51  10127.14      0.00      0.00      7.07
05/16/13 11:40:02 AM
11:40:03         eth1   2577.55   8876.53    335.90   9259.25      0.00      0.00      4.08
Average:         eth1   2577.55   8876.53    335.90   9259.25      0.00      0.00      4.08
05/16/13 11:45:02 AM
11:45:03         eth1   2401.00   7812.00    319.20   7392.20      0.00      0.00      1.00
Average:         eth1   2401.00   7812.00    319.20   7392.20      0.00      0.00      1.00
05/16/13 11:50:02 AM
11:50:03         eth1   1553.06   6987.76    266.91   8027.64      0.00      0.00      3.06
Average:         eth1   1553.06   6987.76    266.91   8027.64      0.00      0.00      3.06
05/16/13 11:55:02 AM
11:55:03         eth1   1377.32   5110.31    265.85   5172.67      0.00      0.00      1.03
Average:         eth1   1377.32   5110.31    265.85   5172.67      0.00      0.00      1.03
05/16/13 12:00:02 PM
12:00:03         eth1   1505.05   7212.12    269.48   8678.74      0.00      0.00      3.03
Average:         eth1   1505.05   7212.12    269.48   8678.74      0.00      0.00      3.03
05/16/13 12:05:02 PM
12:05:03         eth1   1450.52   5918.56    264.17   6514.85      0.00      0.00      1.03
Average:         eth1   1450.52   5918.56    264.17   6514.85      0.00      0.00      1.03
05/16/13 12:10:02 PM
12:10:03         eth1   1465.98   5278.35    266.92   5479.08      0.00      0.00      5.15
Average:         eth1   1465.98   5278.35    266.92   5479.08      0.00      0.00      5.15
05/16/13 12:15:02 PM
12:15:03         eth1   1114.14   4693.94     73.75   4731.32      0.00      0.00      1.01
Average:         eth1   1114.14   4693.94     73.75   4731.32      0.00      0.00      1.01
05/16/13 12:20:02 PM
12:20:03         eth1   1339.58   5854.17    217.78   6380.40      0.00      0.00      1.04
Average:         eth1   1339.58   5854.17    217.78   6380.40      0.00      0.00      1.04
05/16/13 12:25:02 PM
12:25:03         eth1   1307.37   6093.68    248.44   6802.16      0.00      0.00      4.21
Average:         eth1   1307.37   6093.68    248.44   6802.16      0.00      0.00      4.21
05/16/13 12:30:02 PM
12:30:03         eth1   1156.70   4759.79    165.20   4749.86      0.00      0.00      0.00
Average:         eth1   1156.70   4759.79    165.20   4749.86      0.00      0.00      0.00
05/16/13 12:35:03 PM
12:35:04         eth1   1002.04   3509.18    185.41   3032.41      0.00      0.00      0.00
Average:         eth1   1002.04   3509.18    185.41   3032.41      0.00      0.00      0.00
05/16/13 12:40:02 PM
12:40:03         eth1    881.63   3420.41     55.09   2965.31      0.00      0.00      5.10
Average:         eth1    881.63   3420.41     55.09   2965.31      0.00      0.00      5.10
05/16/13 12:45:02 PM
12:45:03         eth1   1134.74   4356.84    235.84   4099.58      0.00      0.00      6.32
Average:         eth1   1134.74   4356.84    235.84   4099.58      0.00      0.00      6.32
05/16/13 12:50:02 PM
12:50:03         eth1    934.69   4547.96     58.12   5000.58      0.00      0.00      1.02
Average:         eth1    934.69   4547.96     58.12   5000.58      0.00      0.00      1.02
05/16/13 12:55:02 PM
12:55:03         eth1    620.41   1630.61    194.99   1062.45      0.00      0.00      1.02
Average:         eth1    620.41   1630.61    194.99   1062.45      0.00      0.00      1.02
05/16/13 01:00:02 PM
13:00:03         eth1    680.61   2977.55     43.18   2836.17      0.00      0.00      1.02
Average:         eth1    680.61   2977.55     43.18   2836.17      0.00      0.00      1.02
05/16/13 01:05:02 PM
13:05:03         eth1   1074.23   5969.07    183.69   7354.64      0.00      0.00      1.03
Average:         eth1   1074.23   5969.07    183.69   7354.64      0.00      0.00      1.03
05/16/13 01:10:02 PM
13:10:03         eth1    623.00   2793.00    206.95   3198.17      0.00      0.00      1.00
Average:         eth1    623.00   2793.00    206.95   3198.17      0.00      0.00      1.00
05/16/13 01:15:02 PM
13:15:03         eth1    527.27   2809.09     37.23   3235.12      0.00      0.00      3.03
Average:         eth1    527.27   2809.09     37.23   3235.12      0.00      0.00      3.03
05/16/13 01:20:02 PM
13:20:03         eth1    631.31   3015.15    191.29   3502.74      0.00      0.00      1.01
Average:         eth1    631.31   3015.15    191.29   3502.74      0.00      0.00      1.01
05/16/13 01:25:02 PM
13:25:03         eth1    486.87   1495.96    179.78   1029.45      0.00      0.00      2.02
Average:         eth1    486.87   1495.96    179.78   1029.45      0.00      0.00      2.02
05/16/13 01:30:02 PM
13:30:03         eth1    586.73   3132.65     75.16   3712.35      0.00      0.00      0.00
Average:         eth1    586.73   3132.65     75.16   3712.35      0.00      0.00      0.00
05/16/13 01:35:03 PM
13:35:04         eth1    584.69   2670.41    138.91   3024.53      0.00      0.00      0.00
Average:         eth1    584.69   2670.41    138.91   3024.53      0.00      0.00      0.00
05/16/13 01:40:02 PM
13:40:03         eth1    445.36   1427.84    141.74   1246.45      0.00      0.00      1.03
Average:         eth1    445.36   1427.84    141.74   1246.45      0.00      0.00      1.03
05/16/13 01:45:02 PM
13:45:03         eth1    511.22   1939.80    138.45   1749.21      0.00      0.00      1.02
Average:         eth1    511.22   1939.80    138.45   1749.21      0.00      0.00      1.02
05/16/13 01:50:02 PM
13:50:03         eth1    521.65   1806.19    212.58   1666.25      0.00      0.00      2.06
Average:         eth1    521.65   1806.19    212.58   1666.25      0.00      0.00      2.06
05/16/13 01:55:02 PM
13:55:03         eth1    713.40   3182.47    226.21   3820.93      0.00      0.00      1.03
Average:         eth1    713.40   3182.47    226.21   3820.93      0.00      0.00      1.03
05/16/13 02:00:02 PM
14:00:03         eth1    500.00   1377.78    222.10   1178.78      0.00      0.00      1.01
Average:         eth1    500.00   1377.78    222.10   1178.78      0.00      0.00      1.01
05/16/13 02:05:02 PM
14:05:03         eth1    394.95   2219.19     26.40   2575.13      0.00      0.00      2.02
Average:         eth1    394.95   2219.19     26.40   2575.13      0.00      0.00      2.02
05/16/13 02:10:02 PM
14:10:03         eth1    501.02   2112.24    190.59   2466.56      0.00      0.00      1.02
Average:         eth1    501.02   2112.24    190.59   2466.56      0.00      0.00      1.02
05/16/13 02:15:02 PM
14:15:03         eth1    286.73   1125.51     94.38   1368.23      0.00      0.00      3.06
Average:         eth1    286.73   1125.51     94.38   1368.23      0.00      0.00      3.06
05/16/13 02:20:02 PM
14:20:03         eth1    390.82   1615.31    215.51   2031.42      0.00      0.00      1.02
Average:         eth1    390.82   1615.31    215.51   2031.42      0.00      0.00      1.02
05/16/13 02:25:02 PM
14:25:03         eth1    262.89    563.92    208.14    359.80      0.00      0.00      1.03
Average:         eth1    262.89    563.92    208.14    359.80      0.00      0.00      1.03
05/16/13 02:30:02 PM
14:30:03         eth1    257.14    684.69    174.37    542.92      0.00      0.00      1.02
Average:         eth1    257.14    684.69    174.37    542.92      0.00      0.00      1.02
05/16/13 02:35:02 PM
14:35:03         eth1    154.74    690.53     12.56    789.05      0.00      0.00      1.05
Average:         eth1    154.74    690.53     12.56    789.05      0.00      0.00      1.05
05/16/13 02:40:02 PM
14:40:03         eth1    280.81    767.68    162.95    743.45      0.00      0.00      3.03
Average:         eth1    280.81    767.68    162.95    743.45      0.00      0.00      3.03
05/16/13 02:45:02 PM
14:45:03         eth1     83.67    356.12      5.28    392.37      0.00      0.00      1.02
Average:         eth1     83.67    356.12      5.28    392.37      0.00      0.00      1.02
05/16/13 02:50:02 PM
14:50:03         eth1    435.71   1911.22    200.95   2493.43      0.00      0.00      3.06
Average:         eth1    435.71   1911.22    200.95   2493.43      0.00      0.00      3.06
05/16/13 02:55:02 PM
14:55:03         eth1    203.96    695.05     37.62    575.21      0.00      0.00      4.95
Average:         eth1    203.96    695.05     37.62    575.21      0.00      0.00      4.95
05/16/13 03:00:02 PM
15:00:03         eth1    170.71    844.44     19.20   1082.20      0.00      0.00      3.03
Average:         eth1    170.71    844.44     19.20   1082.20      0.00      0.00      3.03
05/16/13 03:05:02 PM
15:05:03         eth1    342.86    786.73    207.21    716.47      0.00      0.00      2.04
Average:         eth1    342.86    786.73    207.21    716.47      0.00      0.00      2.04
05/16/13 03:10:02 PM
15:10:03         eth1    136.73    505.10     12.10    502.25      0.00      0.00      2.04
Average:         eth1    136.73    505.10     12.10    502.25      0.00      0.00      2.04
05/16/13 03:15:02 PM
15:15:03         eth1    411.11   1644.44    208.64   2088.30      0.00      0.00      2.02
Average:         eth1    411.11   1644.44    208.64   2088.30      0.00      0.00      2.02
05/16/13 03:20:02 PM
15:20:03         eth1    340.21    757.73    213.75    543.72      0.00      0.00      1.03
Average:         eth1    340.21    757.73    213.75    543.72      0.00      0.00      1.03
05/16/13 03:25:02 PM
15:25:03         eth1    121.65    527.84     10.69    585.85      0.00      0.00      1.03
Average:         eth1    121.65    527.84     10.69    585.85      0.00      0.00      1.03
05/16/13 03:30:02 PM
15:30:03         eth1    124.49    635.71      9.64    794.69      0.00      0.00      4.08
Average:         eth1    124.49    635.71      9.64    794.69      0.00      0.00      4.08
05/16/13 03:35:02 PM
15:35:03         eth1     68.69    210.10      7.19    206.31      0.00      0.00      3.03
Average:         eth1     68.69    210.10      7.19    206.31      0.00      0.00      3.03
05/16/13 03:40:02 PM
15:40:03         eth1    168.00    409.00     22.05    229.69      0.00      0.00      1.00
Average:         eth1    168.00    409.00     22.05    229.69      0.00      0.00      1.00
05/16/13 03:45:02 PM
15:45:03         eth1     95.92    386.73      8.79    414.15      0.00      0.00      3.06
Average:         eth1     95.92    386.73      8.79    414.15      0.00      0.00      3.06
05/16/13 03:50:02 PM
15:50:03         eth1     81.44    445.36      4.93    493.98      0.00      0.00      3.09
Average:         eth1     81.44    445.36      4.93    493.98      0.00      0.00      3.09
05/16/13 03:55:02 PM
15:55:03         eth1    217.53   1479.38     15.96   1984.40      0.00      0.00      1.03
Average:         eth1    217.53   1479.38     15.96   1984.40      0.00      0.00      1.03
05/16/13 04:00:02 PM
16:00:03         eth1     46.39    136.08      2.92    102.18      0.00      0.00      1.03
Average:         eth1     46.39    136.08      2.92    102.18      0.00      0.00      1.03
05/16/13 04:05:02 PM
16:05:03         eth1    162.38    914.85      9.89    877.48      0.00      0.00      1.98
Average:         eth1    162.38    914.85      9.89    877.48      0.00      0.00      1.98
05/16/13 04:10:02 PM
16:10:03         eth1     92.86    391.84      5.84    446.55      0.00      0.00      1.02
Average:         eth1     92.86    391.84      5.84    446.55      0.00      0.00      1.02
05/16/13 04:15:02 PM
16:15:03         eth1    108.08    456.57      9.59    542.99      0.00      0.00      0.00
Average:         eth1    108.08    456.57      9.59    542.99      0.00      0.00      0.00
05/16/13 04:20:03 PM
16:20:04         eth1     86.14    416.83      5.39    371.21      0.00      0.00      0.00
Average:         eth1     86.14    416.83      5.39    371.21      0.00      0.00      0.00
05/16/13 04:25:02 PM
16:25:03         eth1    146.39    517.53     14.94    428.44      0.00      0.00      3.09
Average:         eth1    146.39    517.53     14.94    428.44      0.00      0.00      3.09
05/16/13 04:30:02 PM
16:30:03         eth1    133.67    801.02     10.99   1074.86      0.00      0.00      2.04
Average:         eth1    133.67    801.02     10.99   1074.86      0.00      0.00      2.04
05/16/13 04:35:02 PM
16:35:03         eth1    113.27    640.82      6.77    852.00      0.00      0.00      2.04
Average:         eth1    113.27    640.82      6.77    852.00      0.00      0.00      2.04
05/16/13 04:40:02 PM
16:40:03         eth1    131.96    730.93      8.06    987.50      0.00      0.00      2.06
Average:         eth1    131.96    730.93      8.06    987.50      0.00      0.00      2.06
05/16/13 04:45:02 PM
16:45:03         eth1     76.77    370.71      4.98    443.63      0.00      0.00      1.01
Average:         eth1     76.77    370.71      4.98    443.63      0.00      0.00      1.01
05/16/13 04:50:02 PM
16:50:03         eth1    517.17   3370.71     33.68   4686.23      0.00      0.00      0.00
Average:         eth1    517.17   3370.71     33.68   4686.23      0.00      0.00      0.00
05/16/13 04:55:03 PM
16:55:04         eth1     70.00    176.00      8.53     53.96      0.00      0.00      0.00
Average:         eth1     70.00    176.00      8.53     53.96      0.00      0.00      0.00
05/16/13 05:00:02 PM
17:00:03         eth1    159.79    611.34     15.74    738.68      0.00      0.00      1.03
Average:         eth1    159.79    611.34     15.74    738.68      0.00      0.00      1.03
05/16/13 05:05:02 PM
17:05:03         eth1     65.31    177.55      4.12     40.16      0.00      0.00      2.04
Average:         eth1     65.31    177.55      4.12     40.16      0.00      0.00      2.04
05/16/13 05:10:02 PM
17:10:03         eth1    273.74   1710.10     16.78   2411.81      0.00      0.00      1.01
Average:         eth1    273.74   1710.10     16.78   2411.81      0.00      0.00      1.01
05/16/13 05:15:02 PM
17:15:03         eth1    657.58   4976.77     40.75   7110.75      0.00      0.00      2.02
Average:         eth1    657.58   4976.77     40.75   7110.75      0.00      0.00      2.02
05/16/13 05:20:02 PM
17:20:03         eth1    489.90   3000.00     36.97   4317.99      0.00      0.00      1.01
Average:         eth1    489.90   3000.00     36.97   4317.99      0.00      0.00      1.01
05/16/13 05:25:02 PM
17:25:03         eth1     64.65     80.81     12.90     24.95      0.00      0.00      1.01
Average:         eth1     64.65     80.81     12.90     24.95      0.00      0.00      1.01
05/16/13 05:30:03 PM
17:30:04         eth1     63.00    211.00      3.83     47.25      0.00      0.00      0.00
Average:         eth1     63.00    211.00      3.83     47.25      0.00      0.00      0.00
05/16/13 05:35:02 PM
17:35:03         eth1    115.62    295.83      7.02     73.70      0.00      0.00      2.08
Average:         eth1    115.62    295.83      7.02     73.70      0.00      0.00      2.08
05/16/13 05:40:02 PM
17:40:03         eth1    114.29    570.41      6.78    700.76      0.00      0.00      2.04
Average:         eth1    114.29    570.41      6.78    700.76      0.00      0.00      2.04
05/16/13 05:45:02 PM
17:45:03         eth1    118.18    221.21     19.32    192.06      0.00      0.00      7.07
Average:         eth1    118.18    221.21     19.32    192.06      0.00      0.00      7.07
05/16/13 05:50:02 PM
17:50:03         eth1    228.57   1412.24     13.51   1873.45      0.00      0.00      1.02
Average:         eth1    228.57   1412.24     13.51   1873.45      0.00      0.00      1.02
05/16/13 05:55:02 PM
17:55:03         eth1    205.10   1233.67     12.18   1699.62      0.00      0.00      2.04
Average:         eth1    205.10   1233.67     12.18   1699.62      0.00      0.00      2.04
05/16/13 06:00:02 PM
18:00:03         eth1    421.65   3500.00     27.82   4843.01      0.00      0.00      1.03
Average:         eth1    421.65   3500.00     27.82   4843.01      0.00      0.00      1.03
05/16/13 06:05:02 PM
18:05:03         eth1     26.53     56.12      1.69     10.44      0.00      0.00      1.02
Average:         eth1     26.53     56.12      1.69     10.44      0.00      0.00      1.02
05/16/13 06:10:02 PM
18:10:03         eth1     22.45     52.04      1.40     10.26      0.00      0.00      1.02
Average:         eth1     22.45     52.04      1.40     10.26      0.00      0.00      1.02
05/16/13 06:15:02 PM
18:15:03         eth1     45.92     72.45      5.80     18.64      0.00      0.00      1.02
Average:         eth1     45.92     72.45      5.80     18.64      0.00      0.00      1.02
05/16/13 06:20:02 PM
18:20:03         eth1     75.76    108.08      9.96     35.32      0.00      0.00      3.03
Average:         eth1     75.76    108.08      9.96     35.32      0.00      0.00      3.03
05/16/13 06:25:02 PM
18:25:03         eth1     50.00    128.57      3.04     26.98      0.00      0.00      0.00
Average:         eth1     50.00    128.57      3.04     26.98      0.00      0.00      0.00
05/16/13 06:30:02 PM
18:30:03         eth1     79.00    106.00     11.48     34.52      0.00      0.00      0.00
Average:         eth1     79.00    106.00     11.48     34.52      0.00      0.00      0.00
05/16/13 06:35:02 PM
18:35:03         eth1     33.00     84.00      2.29     16.72      0.00      0.00      4.00
Average:         eth1     33.00     84.00      2.29     16.72      0.00      0.00      4.00
05/16/13 06:40:02 PM
18:40:03         eth1    107.07    232.32     12.70    201.29      0.00      0.00      1.01
Average:         eth1    107.07    232.32     12.70    201.29      0.00      0.00      1.01
05/16/13 06:45:02 PM
18:45:03         eth1     54.55    137.37      4.75     29.29      0.00      0.00      1.01
Average:         eth1     54.55    137.37      4.75     29.29      0.00      0.00      1.01
05/16/13 06:50:02 PM
18:50:03         eth1     54.00     82.00      9.34     21.51      0.00      0.00      1.00
Average:         eth1     54.00     82.00      9.34     21.51      0.00      0.00      1.00
05/16/13 06:55:02 PM
18:55:03         eth1     42.86     73.47      5.72     18.60      0.00      0.00      2.04
Average:         eth1     42.86     73.47      5.72     18.60      0.00      0.00      2.04
05/16/13 07:00:02 PM
19:00:03         eth1     30.00     63.00      1.89     16.62      0.00      0.00      1.00
Average:         eth1     30.00     63.00      1.89     16.62      0.00      0.00      1.00
05/16/13 07:05:02 PM
19:05:03         eth1     53.47     87.13      6.25     31.56      0.00      0.00      0.99
Average:         eth1     53.47     87.13      6.25     31.56      0.00      0.00      0.99
05/16/13 07:10:02 PM
19:10:03         eth1     49.48    106.19      2.99     27.51      0.00      0.00      1.03
Average:         eth1     49.48    106.19      2.99     27.51      0.00      0.00      1.03
05/16/13 07:15:02 PM
19:15:03         eth1     27.84     61.86      1.71     11.43      0.00      0.00      1.03
Average:         eth1     27.84     61.86      1.71     11.43      0.00      0.00      1.03
05/16/13 07:20:02 PM
19:20:03         eth1     54.08     89.80     10.05     21.51      0.00      0.00      1.02
Average:         eth1     54.08     89.80     10.05     21.51      0.00      0.00      1.02
05/16/13 07:25:02 PM
19:25:03         eth1     39.80     75.51      2.63     25.33      0.00      0.00      0.00
Average:         eth1     39.80     75.51      2.63     25.33      0.00      0.00      0.00
05/16/13 07:30:02 PM
19:30:03         eth1     43.30    139.18      2.92     35.33      0.00      0.00      1.03
Average:         eth1     43.30    139.18      2.92     35.33      0.00      0.00      1.03
05/16/13 07:35:02 PM
19:35:03         eth1     52.04    117.35      6.31     30.32      0.00      0.00      2.04
Average:         eth1     52.04    117.35      6.31     30.32      0.00      0.00      2.04
05/16/13 07:40:02 PM
19:40:03         eth1     86.87    217.17      8.89    101.49      0.00      0.00      1.01
Average:         eth1     86.87    217.17      8.89    101.49      0.00      0.00      1.01
05/16/13 07:45:02 PM
19:45:03         eth1     59.18    160.20      6.06     47.60      0.00      0.00      3.06
Average:         eth1     59.18    160.20      6.06     47.60      0.00      0.00      3.06
05/16/13 07:50:02 PM
19:50:03         eth1     62.63     92.93      7.46     33.96      0.00      0.00      1.01
Average:         eth1     62.63     92.93      7.46     33.96      0.00      0.00      1.01
05/16/13 07:55:02 PM
19:55:03         eth1     65.66     93.94     10.15     21.70      0.00      0.00      2.02
Average:         eth1     65.66     93.94     10.15     21.70      0.00      0.00      2.02
05/16/13 08:00:02 PM
20:00:03         eth1     26.26     52.53      1.82     10.13      0.00      0.00      4.04
Average:         eth1     26.26     52.53      1.82     10.13      0.00      0.00      4.04
05/16/13 08:05:02 PM
20:05:03         eth1     87.76    189.80     11.47    183.42      0.00      0.00      1.02
Average:         eth1     87.76    189.80     11.47    183.42      0.00      0.00      1.02
05/16/13 08:10:02 PM
20:10:03         eth1     42.86     79.59      2.69     21.71      0.00      0.00      1.02
Average:         eth1     42.86     79.59      2.69     21.71      0.00      0.00      1.02
05/16/13 08:15:02 PM
20:15:03         eth1     38.38     93.94      2.50     28.21      0.00      0.00      0.00
Average:         eth1     38.38     93.94      2.50     28.21      0.00      0.00      0.00
05/16/13 08:20:02 PM
20:20:03         eth1     29.90     62.89      2.00     12.45      0.00      0.00      2.06
Average:         eth1     29.90     62.89      2.00     12.45      0.00      0.00      2.06
05/16/13 08:25:02 PM
20:25:03         eth1    174.75   1054.55     13.29   1441.72      0.00      0.00      2.02
Average:         eth1    174.75   1054.55     13.29   1441.72      0.00      0.00      2.02
05/16/13 08:30:02 PM
20:30:03         eth1     21.21     50.51      1.31      9.95      0.00      0.00      1.01
Average:         eth1     21.21     50.51      1.31      9.95      0.00      0.00      1.01
05/16/13 08:35:02 PM
20:35:03         eth1     37.11     79.38      2.37     25.93      0.00      0.00      1.03
Average:         eth1     37.11     79.38      2.37     25.93      0.00      0.00      1.03
05/16/13 08:40:02 PM
20:40:03         eth1     37.00     65.00      5.18     17.51      0.00      0.00      1.00
Average:         eth1     37.00     65.00      5.18     17.51      0.00      0.00      1.00
05/16/13 08:45:02 PM
20:45:03         eth1     39.39     68.69      5.40     18.01      0.00      0.00      1.01
Average:         eth1     39.39     68.69      5.40     18.01      0.00      0.00      1.01
05/16/13 08:50:02 PM
20:50:03         eth1     34.69     64.29      2.47     11.57      0.00      0.00      7.14
Average:         eth1     34.69     64.29      2.47     11.57      0.00      0.00      7.14
05/16/13 08:55:02 PM
20:55:03         eth1     35.35     65.66      5.12     17.77      0.00      0.00      1.01
Average:         eth1     35.35     65.66      5.12     17.77      0.00      0.00      1.01
05/16/13 09:00:02 PM
21:00:03         eth1     66.67     92.93     10.29     33.43      0.00      0.00      1.01
Average:         eth1     66.67     92.93     10.29     33.43      0.00      0.00      1.01
05/16/13 09:05:02 PM
21:05:03         eth1     29.59     60.20      1.90     11.22      0.00      0.00      1.02
Average:         eth1     29.59     60.20      1.90     11.22      0.00      0.00      1.02
05/16/13 09:10:02 PM
21:10:03         eth1     87.63    189.69     11.59    185.12      0.00      0.00      2.06
Average:         eth1     87.63    189.69     11.59    185.12      0.00      0.00      2.06
05/16/13 09:15:02 PM
21:15:03         eth1     24.24     56.57      1.53      9.72      0.00      0.00      1.01
Average:         eth1     24.24     56.57      1.53      9.72      0.00      0.00      1.01
05/16/13 09:20:02 PM
21:20:03         eth1    117.35    223.47     14.90    202.51      0.00      0.00      0.00
Average:         eth1    117.35    223.47     14.90    202.51      0.00      0.00      0.00
05/16/13 09:25:02 PM
21:25:03         eth1     39.80     72.45      2.55     21.59      0.00      0.00      1.02
Average:         eth1     39.80     72.45      2.55     21.59      0.00      0.00      1.02
05/16/13 09:30:03 PM
21:30:04         eth1     30.93     65.98      1.95     11.14      0.00      0.00      0.00
Average:         eth1     30.93     65.98      1.95     11.14      0.00      0.00      0.00
05/16/13 09:35:02 PM
21:35:03         eth1     63.27    132.65      7.04     41.41      0.00      0.00      2.04
Average:         eth1     63.27    132.65      7.04     41.41      0.00      0.00      2.04
05/16/13 09:40:02 PM
21:40:03         eth1     50.00    123.47      3.24     50.02      0.00      0.00      1.02
Average:         eth1     50.00    123.47      3.24     50.02      0.00      0.00      1.02
05/16/13 09:45:02 PM
21:45:03         eth1     60.82    229.90      3.75     62.66      0.00      0.00      1.03
Average:         eth1     60.82    229.90      3.75     62.66      0.00      0.00      1.03
05/16/13 09:50:02 PM
21:50:03         eth1     49.49    119.19      5.99     30.30      0.00      0.00      1.01
Average:         eth1     49.49    119.19      5.99     30.30      0.00      0.00      1.01
05/16/13 09:55:02 PM
21:55:03         eth1     30.30     94.95      1.85     19.03      0.00      0.00      2.02
Average:         eth1     30.30     94.95      1.85     19.03      0.00      0.00      2.02
05/16/13 10:00:02 PM
22:00:03         eth1     38.14     67.01      5.35     18.11      0.00      0.00      2.06
Average:         eth1     38.14     67.01      5.35     18.11      0.00      0.00      2.06
05/16/13 10:05:02 PM
22:05:03         eth1    170.71    276.77     24.06    242.09      0.00      0.00      3.03
Average:         eth1    170.71    276.77     24.06    242.09      0.00      0.00      3.03
05/16/13 10:10:02 PM
22:10:03         eth1     37.76    140.82      2.29     30.52      0.00      0.00      2.04
Average:         eth1     37.76    140.82      2.29     30.52      0.00      0.00      2.04
05/16/13 10:15:02 PM
22:15:03         eth1     76.29    168.04     11.04    154.08      0.00      0.00      2.06
Average:         eth1     76.29    168.04     11.04    154.08      0.00      0.00      2.06
05/16/13 10:20:02 PM
22:20:03         eth1     55.56     80.81      8.72     20.50      0.00      0.00      2.02
Average:         eth1     55.56     80.81      8.72     20.50      0.00      0.00      2.02
05/16/13 10:25:02 PM
22:25:03         eth1     47.47     81.82      3.91     31.00      0.00      0.00      0.00
Average:         eth1     47.47     81.82      3.91     31.00      0.00      0.00      0.00
05/16/13 10:30:02 PM
22:30:03         eth1    133.67    198.98     13.88    149.59      0.00      0.00      0.00
Average:         eth1    133.67    198.98     13.88    149.59      0.00      0.00      0.00
05/16/13 10:35:03 PM
22:35:04         eth1     39.58    144.79      2.62     29.71      0.00      0.00      0.00
Average:         eth1     39.58    144.79      2.62     29.71      0.00      0.00      0.00
05/16/13 10:40:02 PM
22:40:03         eth1     25.25     54.55      1.59     11.48      0.00      0.00      0.00
Average:         eth1     25.25     54.55      1.59     11.48      0.00      0.00      0.00
05/16/13 10:45:02 PM
22:45:03         eth1     51.02     86.73      6.30     26.99      0.00      0.00      0.00
Average:         eth1     51.02     86.73      6.30     26.99      0.00      0.00      0.00
05/16/13 10:50:02 PM
22:50:03         eth1     35.42     38.54      2.31     22.71      0.00      0.00      1.04
Average:         eth1     35.42     38.54      2.31     22.71      0.00      0.00      1.04
05/16/13 10:55:02 PM
22:55:03         eth1     39.18     35.05      5.64     16.82      0.00      0.00      0.00
Average:         eth1     39.18     35.05      5.64     16.82      0.00      0.00      0.00
05/16/13 11:00:02 PM
23:00:03         eth1     22.00     19.00      1.49      5.91      0.00      0.00      1.00
Average:         eth1     22.00     19.00      1.49      5.91      0.00      0.00      1.00
05/16/13 11:05:02 PM
23:05:03         eth1     23.47     17.35      1.69      5.41      0.00      0.00      3.06
Average:         eth1     23.47     17.35      1.69      5.41      0.00      0.00      3.06
05/16/13 11:10:02 PM
23:10:03         eth1     35.05     44.33      4.95     24.84      0.00      0.00      0.00
Average:         eth1     35.05     44.33      4.95     24.84      0.00      0.00      0.00
05/16/13 11:15:02 PM
23:15:03         eth1     27.27     32.32      1.76     21.43      0.00      0.00      0.00
Average:         eth1     27.27     32.32      1.76     21.43      0.00      0.00      0.00
05/16/13 11:20:02 PM
23:20:03         eth1     40.40     38.38      6.90     14.80      0.00      0.00      2.02
Average:         eth1     40.40     38.38      6.90     14.80      0.00      0.00      2.02
05/16/13 11:25:02 PM
23:25:03         eth1     16.49     14.43      1.04      5.25      0.00      0.00      0.00
Average:         eth1     16.49     14.43      1.04      5.25      0.00      0.00      0.00
05/16/13 11:30:02 PM
23:30:03         eth1     34.34     31.31      5.11     13.13      0.00      0.00      0.00
Average:         eth1     34.34     31.31      5.11     13.13      0.00      0.00      0.00
05/16/13 11:35:02 PM
23:35:03         eth1     46.39     38.14      9.04     14.56      0.00      0.00      1.03
Average:         eth1     46.39     38.14      9.04     14.56      0.00      0.00      1.03
05/16/13 11:40:02 PM
23:40:03         eth1     38.78     44.90      5.40     29.01      0.00      0.00      0.00
Average:         eth1     38.78     44.90      5.40     29.01      0.00      0.00      0.00
05/16/13 11:45:02 PM
23:45:03         eth1     77.32    163.92     10.91    181.06      0.00      0.00      0.00
Average:         eth1     77.32    163.92     10.91    181.06      0.00      0.00      0.00
05/16/13 11:50:02 PM
23:50:03         eth1     16.33     16.33      1.26      6.17      0.00      0.00      0.00
Average:         eth1     16.33     16.33      1.26      6.17      0.00      0.00      0.00
05/16/13 11:55:02 PM
23:55:03         eth1     27.72     27.72      1.89      7.85      0.00      0.00      3.96
Average:         eth1     27.72     27.72      1.89      7.85      0.00      0.00      3.96
05/17/13 12:00:02 AM
00:00:03         eth1     49.49     54.55      6.20     28.67      0.00      0.00      1.01
Average:         eth1     49.49     54.55      6.20     28.67      0.00      0.00      1.01
05/17/13 12:05:02 AM
00:05:03         eth1     80.41    152.58     11.13    180.21      0.00      0.00      1.03
Average:         eth1     80.41    152.58     11.13    180.21      0.00      0.00      1.03
05/17/13 12:10:02 AM
00:10:03         eth1     24.49     21.43      1.56      6.41      0.00      0.00      1.02
Average:         eth1     24.49     21.43      1.56      6.41      0.00      0.00      1.02
05/17/13 12:15:02 AM
00:15:03         eth1     76.77    146.46     10.70    176.26      0.00      0.00      3.03
Average:         eth1     76.77    146.46     10.70    176.26      0.00      0.00      3.03
05/17/13 12:20:02 AM
00:20:03         eth1     57.00     56.00      9.03     15.06      0.00      0.00      1.00
Average:         eth1     57.00     56.00      9.03     15.06      0.00      0.00      1.00
05/17/13 12:25:02 AM
00:25:03         eth1     92.78    172.16     11.90    195.28      0.00      0.00      1.03
Average:         eth1     92.78    172.16     11.90    195.28      0.00      0.00      1.03
05/17/13 12:30:02 AM
00:30:03         eth1     22.92     26.04      1.55      6.21      0.00      0.00      1.04
Average:         eth1     22.92     26.04      1.55      6.21      0.00      0.00      1.04
05/17/13 12:35:02 AM
00:35:03         eth1     75.51    150.00     10.79    178.28      0.00      0.00      6.12
Average:         eth1     75.51    150.00     10.79    178.28      0.00      0.00      6.12
05/17/13 12:40:02 AM
00:40:03         eth1     24.74     52.58      1.84     28.08      0.00      0.00      3.09
Average:         eth1     24.74     52.58      1.84     28.08      0.00      0.00      3.09
05/17/13 12:45:02 AM
00:45:03         eth1    118.56    195.88     19.65    204.30      0.00      0.00      3.09
Average:         eth1    118.56    195.88     19.65    204.30      0.00      0.00      3.09
05/17/13 12:50:02 AM
00:50:03         eth1     38.78     53.06      2.94     26.87      0.00      0.00      0.00
Average:         eth1     38.78     53.06      2.94     26.87      0.00      0.00      0.00
05/17/13 12:55:02 AM
00:55:03         eth1     28.87     56.70      1.98     35.62      0.00      0.00      1.03
Average:         eth1     28.87     56.70      1.98     35.62      0.00      0.00      1.03
05/17/13 01:00:02 AM
01:00:03         eth1     97.92    122.92     10.58     83.09      0.00      0.00      2.08
Average:         eth1     97.92    122.92     10.58     83.09      0.00      0.00      2.08
05/17/13 01:05:02 AM
01:05:03         eth1     57.58     79.80      4.34     48.72      0.00      0.00      2.02
Average:         eth1     57.58     79.80      4.34     48.72      0.00      0.00      2.02
05/17/13 01:10:02 AM
01:10:03         eth1     81.82    103.03      9.02     64.06      0.00      0.00      2.02
Average:         eth1     81.82    103.03      9.02     64.06      0.00      0.00      2.02
05/17/13 01:15:02 AM
01:15:03         eth1     31.63     47.96      2.45     29.38      0.00      0.00      2.04
Average:         eth1     31.63     47.96      2.45     29.38      0.00      0.00      2.04
05/17/13 01:20:02 AM
01:20:03         eth1     77.00     95.00     10.31     52.17      0.00      0.00      4.00
Average:         eth1     77.00     95.00     10.31     52.17      0.00      0.00      4.00
05/17/13 01:25:02 AM
01:25:03         eth1     38.78     54.08      3.09     31.75      0.00      0.00      1.02
Average:         eth1     38.78     54.08      3.09     31.75      0.00      0.00      1.02
05/17/13 01:30:02 AM
01:30:03         eth1     92.78    105.15     15.25     59.39      0.00      0.00      5.15
Average:         eth1     92.78    105.15     15.25     59.39      0.00      0.00      5.15
05/17/13 01:35:02 AM
01:35:03         eth1     35.00     41.00      2.42     24.25      0.00      0.00      7.00
Average:         eth1     35.00     41.00      2.42     24.25      0.00      0.00      7.00
05/17/13 01:40:02 AM
01:40:03         eth1     23.71     30.93      1.54     20.43      0.00      0.00      2.06
Average:         eth1     23.71     30.93      1.54     20.43      0.00      0.00      2.06
05/17/13 01:45:02 AM
01:45:03         eth1     61.46     66.67     48.29     23.33      0.00      0.00      2.08
Average:         eth1     61.46     66.67     48.29     23.33      0.00      0.00      2.08
05/17/13 01:50:02 AM
01:50:03         eth1     70.41     50.00      7.77     26.70      0.00      0.00     35.71
Average:         eth1     70.41     50.00      7.77     26.70      0.00      0.00     35.71
05/17/13 01:55:02 AM
01:55:03         eth1     45.45     59.60      4.50     40.08      0.00      0.00      5.05
Average:         eth1     45.45     59.60      4.50     40.08      0.00      0.00      5.05
05/17/13 02:00:02 AM
02:00:03         eth1     56.25     61.46      6.80     36.00      0.00      0.00      5.21
Average:         eth1     56.25     61.46      6.80     36.00      0.00      0.00      5.21
05/17/13 02:05:03 AM
02:05:04         eth1     60.61     47.47      4.45     24.29      0.00      0.00      0.00
Average:         eth1     60.61     47.47      4.45     24.29      0.00      0.00      0.00
05/17/13 02:10:02 AM
02:10:03         eth1     36.46     35.42      2.59     20.71      0.00      0.00      6.25
Average:         eth1     36.46     35.42      2.59     20.71      0.00      0.00      6.25
05/17/13 02:15:02 AM
02:15:03         eth1     74.49     82.65     10.97     50.44      0.00      0.00      1.02
Average:         eth1     74.49     82.65     10.97     50.44      0.00      0.00      1.02
05/17/13 02:20:02 AM
02:20:03         eth1     48.96     62.50      4.97     33.07      0.00      0.00      4.17
Average:         eth1     48.96     62.50      4.97     33.07      0.00      0.00      4.17
05/17/13 02:25:02 AM
02:25:03         eth1     28.57     31.63      1.94     17.65      0.00      0.00      1.02
Average:         eth1     28.57     31.63      1.94     17.65      0.00      0.00      1.02
05/17/13 02:30:02 AM
02:30:03         eth1     90.82    169.39     11.79    191.07      0.00      0.00      2.04
Average:         eth1     90.82    169.39     11.79    191.07      0.00      0.00      2.04
05/17/13 02:35:02 AM
02:35:03         eth1     49.49     47.47      6.18     28.87      0.00      0.00      3.03
Average:         eth1     49.49     47.47      6.18     28.87      0.00      0.00      3.03
05/17/13 02:40:02 AM
02:40:03         eth1     54.17     63.54      6.54     45.51      0.00      0.00      5.21
Average:         eth1     54.17     63.54      6.54     45.51      0.00      0.00      5.21
05/17/13 02:45:02 AM
02:45:03         eth1     42.42     48.48      5.63     27.95      0.00      0.00      2.02
Average:         eth1     42.42     48.48      5.63     27.95      0.00      0.00      2.02
05/17/13 02:50:02 AM
02:50:03         eth1     37.11     49.48      2.59     27.91      0.00      0.00      1.03
Average:         eth1     37.11     49.48      2.59     27.91      0.00      0.00      1.03
05/17/13 02:55:02 AM
02:55:03         eth1     38.00     36.00      4.05     18.33      0.00      0.00      4.00
Average:         eth1     38.00     36.00      4.05     18.33      0.00      0.00      4.00
05/17/13 03:00:02 AM
03:00:03         eth1     57.29     59.38      7.43     35.28      0.00      0.00      8.33
Average:         eth1     57.29     59.38      7.43     35.28      0.00      0.00      8.33
05/17/13 03:05:02 AM
03:05:03         eth1     40.82     46.94      2.94     31.52      0.00      0.00      5.10
Average:         eth1     40.82     46.94      2.94     31.52      0.00      0.00      5.10
05/17/13 03:10:02 AM
03:10:03         eth1     45.00     46.00      5.88     26.11      0.00      0.00      2.00
Average:         eth1     45.00     46.00      5.88     26.11      0.00      0.00      2.00
05/17/13 03:15:02 AM
03:15:03         eth1     30.69     34.65      2.12     18.86      0.00      0.00      0.00
Average:         eth1     30.69     34.65      2.12     18.86      0.00      0.00      0.00
05/17/13 03:20:02 AM
03:20:03         eth1     28.28     31.31      2.18     17.47      0.00      0.00      0.00
Average:         eth1     28.28     31.31      2.18     17.47      0.00      0.00      0.00
05/17/13 03:25:02 AM
03:25:03         eth1     37.76     41.84      2.61     23.29      0.00      0.00      3.06
Average:         eth1     37.76     41.84      2.61     23.29      0.00      0.00      3.06
05/17/13 03:30:02 AM
03:30:03         eth1     39.80     30.61      8.38     13.37      0.00      0.00     12.24
Average:         eth1     39.80     30.61      8.38     13.37      0.00      0.00     12.24
05/17/13 03:35:02 AM
03:35:03         eth1     21.43     12.24      1.59      5.02      0.00      0.00      7.14
Average:         eth1     21.43     12.24      1.59      5.02      0.00      0.00      7.14
05/17/13 03:40:02 AM
03:40:03         eth1     12.37     12.37      0.80      5.06      0.00      0.00      2.06
Average:         eth1     12.37     12.37      0.80      5.06      0.00      0.00      2.06
05/17/13 03:45:02 AM
03:45:03         eth1     35.05     27.84      5.97     13.14      0.00      0.00      2.06
Average:         eth1     35.05     27.84      5.97     13.14      0.00      0.00      2.06
05/17/13 03:50:02 AM
03:50:03         eth1     34.02     34.02      2.55     19.87      0.00      0.00      5.15
Average:         eth1     34.02     34.02      2.55     19.87      0.00      0.00      5.15
05/17/13 03:55:02 AM
03:55:03         eth1     51.52     38.38      6.79     13.95      0.00      0.00      1.01
Average:         eth1     51.52     38.38      6.79     13.95      0.00      0.00      1.01
05/17/13 04:00:02 AM
04:00:03         eth1     28.87     27.84      4.79     13.04      0.00      0.00      1.03
Average:         eth1     28.87     27.84      4.79     13.04      0.00      0.00      1.03
05/17/13 04:05:02 AM
04:05:03         eth1     39.18     36.08      6.94     14.85      0.00      0.00     12.37
Average:         eth1     39.18     36.08      6.94     14.85      0.00      0.00     12.37
05/17/13 04:10:02 AM
04:10:03         eth1     69.39     47.96     13.50     20.64      0.00      0.00      7.14
Average:         eth1     69.39     47.96     13.50     20.64      0.00      0.00      7.14
05/17/13 04:15:02 AM
04:15:03         eth1     26.26     26.26      1.75     17.72      0.00      0.00      0.00
Average:         eth1     26.26     26.26      1.75     17.72      0.00      0.00      0.00
05/17/13 04:20:02 AM
04:20:03         eth1     16.67     16.67      1.07      6.60      0.00      0.00      2.08
Average:         eth1     16.67     16.67      1.07      6.60      0.00      0.00      2.08
05/17/13 04:25:02 AM
04:25:03         eth1     35.71     42.86      2.58     20.14      0.00      0.00      1.02
Average:         eth1     35.71     42.86      2.58     20.14      0.00      0.00      1.02
05/17/13 04:30:02 AM
04:30:03         eth1     49.49     55.56      7.70     27.40      0.00      0.00      5.05
Average:         eth1     49.49     55.56      7.70     27.40      0.00      0.00      5.05
05/17/13 04:35:02 AM
04:35:03         eth1     29.59     37.76      2.25     24.66      0.00      0.00      6.12
Average:         eth1     29.59     37.76      2.25     24.66      0.00      0.00      6.12
05/17/13 04:40:02 AM
04:40:03         eth1     42.42     41.41      5.83     15.12      0.00      0.00      3.03
Average:         eth1     42.42     41.41      5.83     15.12      0.00      0.00      3.03
05/17/13 04:45:02 AM
04:45:03         eth1     31.31     27.27      4.90     12.71      0.00      0.00      4.04
Average:         eth1     31.31     27.27      4.90     12.71      0.00      0.00      4.04
05/17/13 04:50:02 AM
04:50:03         eth1     20.41     20.41      1.45      5.69      0.00      0.00      2.04
Average:         eth1     20.41     20.41      1.45      5.69      0.00      0.00      2.04
05/17/13 04:55:02 AM
04:55:03         eth1     69.70     58.59     13.53     23.49      0.00      0.00      6.06
Average:         eth1     69.70     58.59     13.53     23.49      0.00      0.00      6.06
05/17/13 05:00:02 AM
05:00:03         eth1     27.55     35.71      1.93     21.17      0.00      0.00      3.06
Average:         eth1     27.55     35.71      1.93     21.17      0.00      0.00      3.06
05/17/13 05:05:02 AM
05:05:03         eth1     39.18     39.18      6.93     15.12      0.00      0.00      1.03
Average:         eth1     39.18     39.18      6.93     15.12      0.00      0.00      1.03
05/17/13 05:10:02 AM
05:10:03         eth1     37.76     32.65      5.53     14.64      0.00      0.00      1.02
Average:         eth1     37.76     32.65      5.53     14.64      0.00      0.00      1.02
05/17/13 05:15:02 AM
05:15:03         eth1     24.49     25.51      1.67     15.83      0.00      0.00      5.10
Average:         eth1     24.49     25.51      1.67     15.83      0.00      0.00      5.10
05/17/13 05:20:02 AM
05:20:03         eth1     59.18     63.27      6.78     42.55      0.00      0.00      2.04
Average:         eth1     59.18     63.27      6.78     42.55      0.00      0.00      2.04
05/17/13 05:25:02 AM
05:25:03         eth1     23.23     28.28      1.51     16.52      0.00      0.00      2.02
Average:         eth1     23.23     28.28      1.51     16.52      0.00      0.00      2.02
05/17/13 05:30:02 AM
05:30:03         eth1     43.88     44.90      5.78     25.24      0.00      0.00      2.04
Average:         eth1     43.88     44.90      5.78     25.24      0.00      0.00      2.04
05/17/13 05:35:02 AM
05:35:03         eth1     25.00     25.00      1.78     13.48      0.00      0.00      0.00
Average:         eth1     25.00     25.00      1.78     13.48      0.00      0.00      0.00
05/17/13 05:40:02 AM
05:40:03         eth1     60.42     61.46     10.10     32.67      0.00      0.00      2.08
Average:         eth1     60.42     61.46     10.10     32.67      0.00      0.00      2.08
05/17/13 05:45:02 AM
05:45:03         eth1     50.52     61.86      7.29     38.66      0.00      0.00     14.43
Average:         eth1     50.52     61.86      7.29     38.66      0.00      0.00     14.43
05/17/13 05:50:02 AM
05:50:03         eth1     26.80     28.87      1.75      6.98      0.00      0.00      3.09
Average:         eth1     26.80     28.87      1.75      6.98      0.00      0.00      3.09
05/17/13 05:55:02 AM
05:55:03         eth1     15.84     12.87      1.05      4.99      0.00      0.00      6.93
Average:         eth1     15.84     12.87      1.05      4.99      0.00      0.00      6.93
05/17/13 06:00:02 AM
06:00:03         eth1     32.32     31.31      4.98     13.04      0.00      0.00      1.01
Average:         eth1     32.32     31.31      4.98     13.04      0.00      0.00      1.01
05/17/13 06:05:02 AM
06:05:03         eth1     44.44     48.48      3.06     24.65      0.00      0.00      9.09
Average:         eth1     44.44     48.48      3.06     24.65      0.00      0.00      9.09
05/17/13 06:10:02 AM
06:10:03         eth1     37.11     29.90      5.37     13.18      0.00      0.00      2.06
Average:         eth1     37.11     29.90      5.37     13.18      0.00      0.00      2.06
05/17/13 06:15:02 AM
06:15:03         eth1     23.71     13.40      1.73      5.20      0.00      0.00     11.34
Average:         eth1     23.71     13.40      1.73      5.20      0.00      0.00     11.34
05/17/13 06:20:02 AM
06:20:03         eth1     46.94     41.84      6.09     14.73      0.00      0.00      6.12
Average:         eth1     46.94     41.84      6.09     14.73      0.00      0.00      6.12
05/17/13 06:25:02 AM
06:25:03         eth1     24.24     13.13      1.78      5.09      0.00      0.00     10.10
Average:         eth1     24.24     13.13      1.78      5.09      0.00      0.00     10.10
05/17/13 06:30:02 AM
06:30:03         eth1     50.52     51.55      6.30     30.24      0.00      0.00     10.31
Average:         eth1     50.52     51.55      6.30     30.24      0.00      0.00     10.31
05/17/13 06:35:02 AM
06:35:03         eth1     28.28     23.23      1.94      6.42      0.00      0.00      0.00
Average:         eth1     28.28     23.23      1.94      6.42      0.00      0.00      0.00
05/17/13 06:40:03 AM
06:40:04         eth1     36.00     35.00      6.63     13.33      0.00      0.00      0.00
Average:         eth1     36.00     35.00      6.63     13.33      0.00      0.00      0.00
05/17/13 06:45:02 AM
06:45:03         eth1     34.00     29.00      5.11     14.03      0.00      0.00      7.00
Average:         eth1     34.00     29.00      5.11     14.03      0.00      0.00      7.00
05/17/13 06:50:02 AM
06:50:03         eth1     30.30     34.34      2.02     25.39      0.00      0.00      6.06
Average:         eth1     30.30     34.34      2.02     25.39      0.00      0.00      6.06
05/17/13 06:55:02 AM
06:55:03         eth1     16.33     14.29      1.25      5.15      0.00      0.00      6.12
Average:         eth1     16.33     14.29      1.25      5.15      0.00      0.00      6.12
05/17/13 07:00:02 AM
07:00:03         eth1     34.69     30.61      5.46     13.33      0.00      0.00      3.06
Average:         eth1     34.69     30.61      5.46     13.33      0.00      0.00      3.06
05/17/13 07:05:02 AM
07:05:03         eth1     37.11     24.74      6.53     12.78      0.00      0.00     20.62
Average:         eth1     37.11     24.74      6.53     12.78      0.00      0.00     20.62
05/17/13 07:10:02 AM
07:10:03         eth1     31.63     26.53      5.55     12.77      0.00      0.00      4.08
Average:         eth1     31.63     26.53      5.55     12.77      0.00      0.00      4.08
05/17/13 07:15:02 AM
07:15:03         eth1     39.39     42.42      2.69     25.18      0.00      0.00      5.05
Average:         eth1     39.39     42.42      2.69     25.18      0.00      0.00      5.05
05/17/13 07:20:02 AM
07:20:03         eth1     32.29     29.17      5.15     13.23      0.00      0.00      3.12
Average:         eth1     32.29     29.17      5.15     13.23      0.00      0.00      3.12
05/17/13 07:25:02 AM
07:25:03         eth1     23.23     19.19      1.77      7.62      0.00      0.00      7.07
Average:         eth1     23.23     19.19      1.77      7.62      0.00      0.00      7.07
05/17/13 07:30:02 AM
07:30:03         eth1     25.51     22.45      1.75      6.37      0.00      0.00      2.04
Average:         eth1     25.51     22.45      1.75      6.37      0.00      0.00      2.04
05/17/13 07:35:02 AM
07:35:03         eth1     57.00     40.00      7.19     14.71      0.00      0.00      3.00
Average:         eth1     57.00     40.00      7.19     14.71      0.00      0.00      3.00
05/17/13 07:40:02 AM
07:40:03         eth1     41.24     42.27      4.89     21.54      0.00      0.00     10.31
Average:         eth1     41.24     42.27      4.89     21.54      0.00      0.00     10.31
05/17/13 07:45:02 AM
07:45:03         eth1     75.76     60.61     10.04     27.32      0.00      0.00      3.03
Average:         eth1     75.76     60.61     10.04     27.32      0.00      0.00      3.03
05/17/13 07:50:02 AM
07:50:03         eth1     23.23     40.40      1.74     23.10      0.00      0.00      0.00
Average:         eth1     23.23     40.40      1.74     23.10      0.00      0.00      0.00
05/17/13 07:55:03 AM
07:55:04         eth1     13.40     11.34      0.86      3.87      0.00      0.00      0.00
Average:         eth1     13.40     11.34      0.86      3.87      0.00      0.00      0.00
05/17/13 08:00:02 AM
08:00:03         eth1     32.32     36.36      2.20     24.23      0.00      0.00      2.02
Average:         eth1     32.32     36.36      2.20     24.23      0.00      0.00      2.02
05/17/13 08:05:02 AM
08:05:03         eth1     11.22     10.20      0.85      4.89      0.00      0.00      7.14
Average:         eth1     11.22     10.20      0.85      4.89      0.00      0.00      7.14
05/17/13 08:10:02 AM
08:10:03         eth1     35.42     26.04      6.01     12.96      0.00      0.00      4.17
Average:         eth1     35.42     26.04      6.01     12.96      0.00      0.00      4.17
05/17/13 08:15:02 AM
08:15:03         eth1     31.96     44.33      5.25     17.34      0.00      0.00      4.12
Average:         eth1     31.96     44.33      5.25     17.34      0.00      0.00      4.12
05/17/13 08:20:02 AM
08:20:03         eth1     14.29     11.22      1.11      4.94      0.00      0.00      7.14
Average:         eth1     14.29     11.22      1.11      4.94      0.00      0.00      7.14
05/17/13 08:25:02 AM
08:25:03         eth1     38.54     29.17      3.43     20.62      0.00      0.00      2.08
Average:         eth1     38.54     29.17      3.43     20.62      0.00      0.00      2.08
05/17/13 08:30:02 AM
08:30:03         eth1     15.62     12.50      1.19      5.11      0.00      0.00      3.12
Average:         eth1     15.62     12.50      1.19      5.11      0.00      0.00      3.12
05/17/13 08:35:02 AM
08:35:03         eth1     12.37     11.34      0.92      5.01      0.00      0.00      4.12
Average:         eth1     12.37     11.34      0.92      5.01      0.00      0.00      4.12
05/17/13 08:40:02 AM
08:40:03         eth1     39.80     25.51      3.81      7.36      0.00      0.00      2.04
Average:         eth1     39.80     25.51      3.81      7.36      0.00      0.00      2.04
05/17/13 08:45
08:45:03         eth1     70.21     57.45     14.43     28.72      0.00      0.00     20.21
Average:         eth1     70.21     57.45     14.43     28.72      0.00      0.00     20.21
05/17/13 08:50
08:50:03         eth1     39.39     40.40      4.49     22.07      0.00      0.00     13.13
Average:         eth1     39.39     40.40      4.49     22.07      0.00      0.00     13.13
05/17/13 08:55
08:55:03         eth1     39.39     30.30      6.23     13.34      0.00      0.00      0.00
Average:         eth1     39.39     30.30      6.23     13.34      0.00      0.00      0.00
05/17/13 09:00
09:00:03         eth1     45.92     43.88      6.93     25.15      0.00      0.00      8.16
Average:         eth1     45.92     43.88      6.93     25.15      0.00      0.00      8.16
05/17/13 09:05
09:05:03         eth1     34.69     26.53      5.54     11.05      0.00      0.00      0.00
Average:         eth1     34.69     26.53      5.54     11.05      0.00      0.00      0.00
05/17/13 09:10
09:10:04         eth1     51.02     44.90      4.44     25.21      0.00      0.00      0.00
Average:         eth1     51.02     44.90      4.44     25.21      0.00      0.00      0.00
